{"level":"warn","message":"Method: GET, URl: /users, query: {}, body: {}, statusCode: 401, exeption : The user is not logged in","timestamp":"2022-02-02 18:50:06:506"}
{"level":"warn","message":"Method: GET, URl: /boards/12345/tasks, query: {}, body: {}, statusCode: 401, exeption : The user is not logged in","timestamp":"2022-02-02 18:50:06:506"}
{"level":"warn","message":"Method: GET, URl: /users/123, query: {}, body: {}, statusCode: 401, exeption : The user is not logged in","timestamp":"2022-02-02 18:50:06:506"}
{"level":"warn","message":"Method: GET, URl: /boards, query: {}, body: {}, statusCode: 401, exeption : The user is not logged in","timestamp":"2022-02-02 18:50:06:506"}
{"level":"info","message":"Method: POST, URl: /login, query: {}, body: {\"login\":\"admin\",\"password\":\"admin\"}, statusCode: 200, exeption : none","timestamp":"2022-02-02 18:50:06:506"}
{"level":"info","message":"Method: POST, URl: /login, query: {}, body: {\"login\":\"admin\",\"password\":\"admin\"}, statusCode: 200, exeption : none","timestamp":"2022-02-02 18:50:06:506"}
{"level":"warn","message":"Method: POST, URl: /users, query: {}, body: {\"name\":\"TEST_USER\",\"login\":\"test_user\",\"password\":\"T35t_P@55w0rd\"}, statusCode: 401, exeption : The user is not logged in","timestamp":"2022-02-02 18:50:06:506"}
{"level":"warn","message":"Method: GET, URl: /boards/12345/tasks/12345, query: {}, body: {}, statusCode: 401, exeption : The user is not logged in","timestamp":"2022-02-02 18:50:06:506"}
{"level":"warn","message":"Method: GET, URl: /boards/12345, query: {}, body: {}, statusCode: 401, exeption : The user is not logged in","timestamp":"2022-02-02 18:50:06:506"}
{"level":"info","message":"Method: POST, URl: /login, query: {}, body: {\"login\":\"admin\",\"password\":\"admin\"}, statusCode: 200, exeption : none","timestamp":"2022-02-02 18:50:06:506"}
{"level":"info","message":"Method: GET, URl: /users, query: {}, body: {}, statusCode: 200, exeption : none","timestamp":"2022-02-02 18:50:06:506"}
{"level":"warn","message":"Method: PUT, URl: /users/12345, query: {}, body: {\"name\":\"TEST_USER\",\"login\":\"test_user\",\"password\":\"T35t_P@55w0rd\"}, statusCode: 401, exeption : The user is not logged in","timestamp":"2022-02-02 18:50:06:506"}
{"level":"warn","message":"Method: POST, URl: /boards/12345/tasks, query: {}, body: {\"title\":\"Autotest task\",\"order\":0,\"description\":\"Lorem ipsum\",\"userId\":null,\"boardId\":null,\"columnId\":null}, statusCode: 401, exeption : The user is not logged in","timestamp":"2022-02-02 18:50:06:506"}
{"level":"warn","message":"Method: POST, URl: /boards, query: {}, body: {\"title\":\"Autotest board\",\"columns\":[{\"title\":\"Backlog\",\"order\":1},{\"title\":\"Sprint\",\"order\":2}]}, statusCode: 401, exeption : The user is not logged in","timestamp":"2022-02-02 18:50:06:506"}
{"level":"warn","message":"Method: DELETE, URl: /users/12345, query: {}, body: {}, statusCode: 401, exeption : The user is not logged in","timestamp":"2022-02-02 18:50:06:506"}
{"level":"warn","message":"Method: PUT, URl: /boards/12345/tasks/12345, query: {}, body: {\"title\":\"Autotest task\",\"order\":0,\"description\":\"Lorem ipsum\",\"userId\":null,\"boardId\":null,\"columnId\":null}, statusCode: 401, exeption : The user is not logged in","timestamp":"2022-02-02 18:50:06:506"}
{"level":"warn","message":"Method: PUT, URl: /boards/12345, query: {}, body: {\"title\":\"Autotest board\",\"columns\":[{\"title\":\"Backlog\",\"order\":1},{\"title\":\"Sprint\",\"order\":2}]}, statusCode: 401, exeption : The user is not logged in","timestamp":"2022-02-02 18:50:06:506"}
{"level":"info","message":"Method: POST, URl: /boards, query: {}, body: {\"title\":\"Autotest board\",\"columns\":[{\"title\":\"Backlog\",\"order\":1},{\"title\":\"Sprint\",\"order\":2}]}, statusCode: 201, exeption : none","timestamp":"2022-02-02 18:50:07:507"}
{"level":"warn","message":"Method: DELETE, URl: /boards/12345/tasks/12345, query: {}, body: {}, statusCode: 401, exeption : The user is not logged in","timestamp":"2022-02-02 18:50:07:507"}
{"level":"warn","message":"Method: DELETE, URl: /boards/12345, query: {}, body: {}, statusCode: 401, exeption : The user is not logged in","timestamp":"2022-02-02 18:50:07:507"}
{"level":"info","message":"Method: POST, URl: /users, query: {}, body: {\"name\":\"TEST_USER\",\"login\":\"test_user\",\"password\":\"T35t_P@55w0rd\"}, statusCode: 201, exeption : none","timestamp":"2022-02-02 18:50:07:507"}
{"level":"info","message":"Method: POST, URl: /boards, query: {}, body: {\"title\":\"Autotest board\",\"columns\":[{\"title\":\"Backlog\",\"order\":1},{\"title\":\"Sprint\",\"order\":2}]}, statusCode: 201, exeption : none","timestamp":"2022-02-02 18:50:07:507"}
{"level":"info","message":"Method: GET, URl: /users/99210807-7fad-4362-ad2a-96c835db6322, query: {}, body: {}, statusCode: 200, exeption : none","timestamp":"2022-02-02 18:50:07:507"}
{"level":"info","message":"Method: GET, URl: /boards, query: {}, body: {}, statusCode: 200, exeption : none","timestamp":"2022-02-02 18:50:07:507"}
{"level":"info","message":"Method: POST, URl: /boards/6e127e15-08b4-4a6e-b08e-ae427a12eacd/tasks, query: {}, body: {\"title\":\"Autotest task\",\"order\":0,\"description\":\"Lorem ipsum\",\"userId\":null,\"boardId\":null,\"columnId\":null}, statusCode: 201, exeption : none","timestamp":"2022-02-02 18:50:07:507"}
{"level":"info","message":"Method: DELETE, URl: /users/99210807-7fad-4362-ad2a-96c835db6322, query: {}, body: {}, statusCode: 204, exeption : none","timestamp":"2022-02-02 18:50:07:507"}
{"level":"info","message":"Method: GET, URl: /boards, query: {}, body: {}, statusCode: 200, exeption : none","timestamp":"2022-02-02 18:50:07:507"}
{"level":"info","message":"Method: GET, URl: /boards/6e127e15-08b4-4a6e-b08e-ae427a12eacd/tasks, query: {}, body: {}, statusCode: 200, exeption : none","timestamp":"2022-02-02 18:50:07:507"}
{"level":"info","message":"Method: GET, URl: /boards/b0168dc7-a9e5-4443-be41-bddb11a3e939, query: {}, body: {}, statusCode: 200, exeption : none","timestamp":"2022-02-02 18:50:07:507"}
{"level":"info","message":"Method: POST, URl: /users, query: {}, body: {\"name\":\"TEST_USER\",\"login\":\"test_user\",\"password\":\"T35t_P@55w0rd\"}, statusCode: 201, exeption : none","timestamp":"2022-02-02 18:50:07:507"}
{"level":"info","message":"Method: GET, URl: /boards/6e127e15-08b4-4a6e-b08e-ae427a12eacd/tasks, query: {}, body: {}, statusCode: 200, exeption : none","timestamp":"2022-02-02 18:50:07:507"}
{"level":"info","message":"Method: POST, URl: /boards, query: {}, body: {\"title\":\"Autotest board\",\"columns\":[{\"title\":\"Backlog\",\"order\":1},{\"title\":\"Sprint\",\"order\":2}]}, statusCode: 201, exeption : none","timestamp":"2022-02-02 18:50:07:507"}
{"level":"info","message":"Method: GET, URl: /boards/6e127e15-08b4-4a6e-b08e-ae427a12eacd/tasks/21d69c0a-6588-4d20-bc66-abf1ebb767af, query: {}, body: {}, statusCode: 200, exeption : none","timestamp":"2022-02-02 18:50:07:507"}
{"level":"info","message":"Method: DELETE, URl: /users/0ce1e3c9-bf71-4ec4-aebe-4112ec685d82, query: {}, body: {}, statusCode: 204, exeption : none","timestamp":"2022-02-02 18:50:07:507"}
{"level":"info","message":"Method: DELETE, URl: /boards/e61e9d07-c648-42c1-9092-36c3869312b2, query: {}, body: {}, statusCode: 204, exeption : none","timestamp":"2022-02-02 18:50:07:507"}
{"level":"info","message":"Method: POST, URl: /boards/6e127e15-08b4-4a6e-b08e-ae427a12eacd/tasks, query: {}, body: {\"title\":\"Autotest task\",\"order\":0,\"description\":\"Lorem ipsum\",\"userId\":null,\"boardId\":null,\"columnId\":null}, statusCode: 201, exeption : none","timestamp":"2022-02-02 18:50:07:507"}
{"level":"info","message":"Method: POST, URl: /boards, query: {}, body: {\"title\":\"Autotest board\",\"columns\":[{\"title\":\"Backlog\",\"order\":1},{\"title\":\"Sprint\",\"order\":2}]}, statusCode: 201, exeption : none","timestamp":"2022-02-02 18:50:07:507"}
{"level":"info","message":"Method: POST, URl: /users, query: {}, body: {\"name\":\"TEST_USER\",\"login\":\"test_user\",\"password\":\"T35t_P@55w0rd\"}, statusCode: 201, exeption : none","timestamp":"2022-02-02 18:50:07:507"}
{"level":"info","message":"Method: DELETE, URl: /boards/6e127e15-08b4-4a6e-b08e-ae427a12eacd/tasks/91a151d4-f390-4db6-b9f2-afaea249b43a, query: {}, body: {}, statusCode: 204, exeption : none","timestamp":"2022-02-02 18:50:07:507"}
{"level":"info","message":"Method: PUT, URl: /users/7b725607-d82f-43e2-b21c-8f31b8c0b303, query: {}, body: {\"name\":\"Autotest updated TEST_USER\",\"login\":\"test_user\",\"password\":\"T35t_P@55w0rd\"}, statusCode: 200, exeption : none","timestamp":"2022-02-02 18:50:07:507"}
{"level":"info","message":"Method: GET, URl: /users/7b725607-d82f-43e2-b21c-8f31b8c0b303, query: {}, body: {}, statusCode: 200, exeption : none","timestamp":"2022-02-02 18:50:07:507"}
{"level":"info","message":"Method: PUT, URl: /boards/0861dcad-11a0-4dbf-bb00-4d190742e311, query: {}, body: {\"title\":\"Autotest updated board\",\"columns\":[{\"title\":\"Backlog\",\"order\":1,\"id\":\"7a91a53e-6189-4743-8a3c-6cc36a72fec7\"},{\"title\":\"Sprint\",\"order\":2,\"id\":\"532df0f6-4b58-4e07-94c7-731c4650744a\"}]}, statusCode: 200, exeption : none","timestamp":"2022-02-02 18:50:07:507"}
{"level":"info","message":"Method: POST, URl: /boards/6e127e15-08b4-4a6e-b08e-ae427a12eacd/tasks, query: {}, body: {\"title\":\"Autotest task\",\"order\":0,\"description\":\"Lorem ipsum\",\"userId\":null,\"boardId\":null,\"columnId\":null}, statusCode: 201, exeption : none","timestamp":"2022-02-02 18:50:07:507"}
{"level":"info","message":"Method: GET, URl: /boards/0861dcad-11a0-4dbf-bb00-4d190742e311, query: {}, body: {}, statusCode: 200, exeption : none","timestamp":"2022-02-02 18:50:08:508"}
{"level":"info","message":"Method: DELETE, URl: /users/7b725607-d82f-43e2-b21c-8f31b8c0b303, query: {}, body: {}, statusCode: 204, exeption : none","timestamp":"2022-02-02 18:50:08:508"}
{"level":"info","message":"Method: DELETE, URl: /boards/0861dcad-11a0-4dbf-bb00-4d190742e311, query: {}, body: {}, statusCode: 204, exeption : none","timestamp":"2022-02-02 18:50:08:508"}
{"level":"info","message":"Method: PUT, URl: /boards/6e127e15-08b4-4a6e-b08e-ae427a12eacd/tasks/ca2add6c-e439-4ccf-9d97-840df0c7a8db, query: {}, body: {\"title\":\"Autotest updated task\",\"description\":\"Lorem ipsum\",\"order\":0,\"userId\":null,\"boardId\":\"6e127e15-08b4-4a6e-b08e-ae427a12eacd\",\"columnId\":null}, statusCode: 200, exeption : none","timestamp":"2022-02-02 18:50:08:508"}
{"level":"info","message":"Method: GET, URl: /boards/6e127e15-08b4-4a6e-b08e-ae427a12eacd/tasks/ca2add6c-e439-4ccf-9d97-840df0c7a8db, query: {}, body: {}, statusCode: 200, exeption : none","timestamp":"2022-02-02 18:50:08:508"}
{"level":"info","message":"Method: POST, URl: /users, query: {}, body: {\"name\":\"TEST_USER\",\"login\":\"test_user\",\"password\":\"T35t_P@55w0rd\"}, statusCode: 201, exeption : none","timestamp":"2022-02-02 18:50:08:508"}
{"level":"info","message":"Method: GET, URl: /boards/6e127e15-08b4-4a6e-b08e-ae427a12eacd/tasks/21d69c0a-6588-4d20-bc66-abf1ebb767af, query: {}, body: {}, statusCode: 200, exeption : none","timestamp":"2022-02-02 18:50:08:508"}
{"level":"info","message":"Method: POST, URl: /boards, query: {}, body: {\"title\":\"Autotest board\",\"columns\":[{\"title\":\"Backlog\",\"order\":1},{\"title\":\"Sprint\",\"order\":2}]}, statusCode: 201, exeption : none","timestamp":"2022-02-02 18:50:08:508"}
{"level":"info","message":"Method: DELETE, URl: /boards/6e127e15-08b4-4a6e-b08e-ae427a12eacd/tasks/21d69c0a-6588-4d20-bc66-abf1ebb767af, query: {}, body: {}, statusCode: 204, exeption : none","timestamp":"2022-02-02 18:50:08:508"}
{"level":"info","message":"Method: DELETE, URl: /users/7a7ea567-fd9e-4a55-bfae-96b62799e637, query: {}, body: {}, statusCode: 204, exeption : none","timestamp":"2022-02-02 18:50:08:508"}
{"level":"warn","message":"Method: GET, URl: /boards/6e127e15-08b4-4a6e-b08e-ae427a12eacd/tasks/21d69c0a-6588-4d20-bc66-abf1ebb767af, query: {}, body: {}, statusCode: 404, exeption : Task with id = 21d69c0a-6588-4d20-bc66-abf1ebb767af was not found","timestamp":"2022-02-02 18:50:08:508"}
{"level":"info","message":"Method: DELETE, URl: /boards/6f43d01e-abea-4977-a257-759ffd881bbe, query: {}, body: {}, statusCode: 204, exeption : none","timestamp":"2022-02-02 18:50:08:508"}
{"level":"warn","message":"Method: GET, URl: /boards/6f43d01e-abea-4977-a257-759ffd881bbe, query: {}, body: {}, statusCode: 404, exeption : Board with id = 6f43d01e-abea-4977-a257-759ffd881bbe was not found","timestamp":"2022-02-02 18:50:08:508"}
{"level":"info","message":"Method: POST, URl: /users, query: {}, body: {\"name\":\"TEST_USER\",\"login\":\"test_user\",\"password\":\"T35t_P@55w0rd\"}, statusCode: 201, exeption : none","timestamp":"2022-02-02 18:50:08:508"}
{"level":"info","message":"Method: DELETE, URl: /boards/6e127e15-08b4-4a6e-b08e-ae427a12eacd, query: {}, body: {}, statusCode: 204, exeption : none","timestamp":"2022-02-02 18:50:08:508"}
{"level":"info","message":"Method: POST, URl: /boards, query: {}, body: {\"title\":\"Autotest board\",\"columns\":[{\"title\":\"Backlog\",\"order\":1},{\"title\":\"Sprint\",\"order\":2}]}, statusCode: 201, exeption : none","timestamp":"2022-02-02 18:50:08:508"}
{"level":"info","message":"Method: POST, URl: /boards, query: {}, body: {\"title\":\"Autotest board\",\"columns\":[{\"title\":\"Backlog\",\"order\":1},{\"title\":\"Sprint\",\"order\":2}]}, statusCode: 201, exeption : none","timestamp":"2022-02-02 18:50:08:508"}
{"level":"info","message":"Method: POST, URl: /boards/e9ba59ab-cb38-4256-ab70-911cb4abcb91/tasks, query: {}, body: {\"title\":\"Task #1\",\"order\":1,\"description\":\"Lorem ipsum\",\"boardId\":\"e9ba59ab-cb38-4256-ab70-911cb4abcb91\",\"userId\":null,\"columnId\":null}, statusCode: 201, exeption : none","timestamp":"2022-02-02 18:50:08:508"}
{"level":"info","message":"Method: POST, URl: /boards/e9ba59ab-cb38-4256-ab70-911cb4abcb91/tasks, query: {}, body: {\"title\":\"Task #2\",\"order\":2,\"description\":\"Lorem ipsum\",\"boardId\":\"e9ba59ab-cb38-4256-ab70-911cb4abcb91\",\"userId\":null,\"columnId\":null}, statusCode: 201, exeption : none","timestamp":"2022-02-02 18:50:08:508"}
{"level":"info","message":"Method: POST, URl: /boards/31c0885b-5aba-46c4-be23-39fa9262bf2a/tasks, query: {}, body: {\"title\":\"Task #1\",\"order\":1,\"description\":\"Lorem ipsum\",\"userId\":\"f4f64de4-f7d6-4070-97be-1e8ecb179eab\",\"boardId\":\"31c0885b-5aba-46c4-be23-39fa9262bf2a\"}, statusCode: 201, exeption : none","timestamp":"2022-02-02 18:50:08:508"}
{"level":"info","message":"Method: POST, URl: /boards/e9ba59ab-cb38-4256-ab70-911cb4abcb91/tasks, query: {}, body: {\"title\":\"Task #3\",\"order\":3,\"description\":\"Lorem ipsum\",\"boardId\":\"e9ba59ab-cb38-4256-ab70-911cb4abcb91\",\"userId\":null,\"columnId\":null}, statusCode: 201, exeption : none","timestamp":"2022-02-02 18:50:08:508"}
{"level":"info","message":"Method: POST, URl: /boards/e9ba59ab-cb38-4256-ab70-911cb4abcb91/tasks, query: {}, body: {\"title\":\"Task #4\",\"order\":4,\"description\":\"Lorem ipsum\",\"boardId\":\"e9ba59ab-cb38-4256-ab70-911cb4abcb91\",\"userId\":null,\"columnId\":null}, statusCode: 201, exeption : none","timestamp":"2022-02-02 18:50:08:508"}
{"level":"info","message":"Method: POST, URl: /boards/e9ba59ab-cb38-4256-ab70-911cb4abcb91/tasks, query: {}, body: {\"title\":\"Task #5\",\"order\":5,\"description\":\"Lorem ipsum\",\"boardId\":\"e9ba59ab-cb38-4256-ab70-911cb4abcb91\",\"userId\":null,\"columnId\":null}, statusCode: 201, exeption : none","timestamp":"2022-02-02 18:50:08:508"}
{"level":"info","message":"Method: GET, URl: /boards/e9ba59ab-cb38-4256-ab70-911cb4abcb91/tasks/aa602798-22ee-40a0-870e-f784c2a466a6, query: {}, body: {}, statusCode: 200, exeption : none","timestamp":"2022-02-02 18:50:08:508"}
{"level":"info","message":"Method: GET, URl: /boards/e9ba59ab-cb38-4256-ab70-911cb4abcb91/tasks/b4aa0d3d-3090-4be8-94da-87c38a0a51de, query: {}, body: {}, statusCode: 200, exeption : none","timestamp":"2022-02-02 18:50:08:508"}
{"level":"info","message":"Method: GET, URl: /boards/e9ba59ab-cb38-4256-ab70-911cb4abcb91/tasks/32086300-b0a1-43c7-ae77-d888ef10678e, query: {}, body: {}, statusCode: 200, exeption : none","timestamp":"2022-02-02 18:50:08:508"}
{"level":"info","message":"Method: POST, URl: /boards/31c0885b-5aba-46c4-be23-39fa9262bf2a/tasks, query: {}, body: {\"title\":\"Task #2\",\"order\":2,\"description\":\"Lorem ipsum\",\"userId\":\"f4f64de4-f7d6-4070-97be-1e8ecb179eab\",\"boardId\":\"31c0885b-5aba-46c4-be23-39fa9262bf2a\"}, statusCode: 201, exeption : none","timestamp":"2022-02-02 18:50:08:508"}
{"level":"info","message":"Method: GET, URl: /boards/e9ba59ab-cb38-4256-ab70-911cb4abcb91/tasks/c28cf9bd-674b-45c7-9888-17e73c7fbd92, query: {}, body: {}, statusCode: 200, exeption : none","timestamp":"2022-02-02 18:50:08:508"}
{"level":"info","message":"Method: GET, URl: /boards/e9ba59ab-cb38-4256-ab70-911cb4abcb91/tasks/b97b1a24-2ef9-4994-b7a6-1e4da78722f1, query: {}, body: {}, statusCode: 200, exeption : none","timestamp":"2022-02-02 18:50:08:508"}
{"level":"info","message":"Method: DELETE, URl: /users/f4f64de4-f7d6-4070-97be-1e8ecb179eab, query: {}, body: {}, statusCode: 204, exeption : none","timestamp":"2022-02-02 18:50:08:508"}
{"level":"info","message":"Method: GET, URl: /boards/31c0885b-5aba-46c4-be23-39fa9262bf2a/tasks/2998c1f1-5419-4b29-b9c7-2f747a2e597b, query: {}, body: {}, statusCode: 200, exeption : none","timestamp":"2022-02-02 18:50:08:508"}
{"level":"info","message":"Method: GET, URl: /boards/31c0885b-5aba-46c4-be23-39fa9262bf2a/tasks/8da9cf8c-cbff-4cf0-a2b2-886325b5fc20, query: {}, body: {}, statusCode: 200, exeption : none","timestamp":"2022-02-02 18:50:08:508"}
{"level":"info","message":"Method: DELETE, URl: /boards/e9ba59ab-cb38-4256-ab70-911cb4abcb91, query: {}, body: {}, statusCode: 204, exeption : none","timestamp":"2022-02-02 18:50:08:508"}
{"level":"warn","message":"Method: GET, URl: /boards/e9ba59ab-cb38-4256-ab70-911cb4abcb91/tasks/aa602798-22ee-40a0-870e-f784c2a466a6, query: {}, body: {}, statusCode: 404, exeption : Board with id = e9ba59ab-cb38-4256-ab70-911cb4abcb91 was not found","timestamp":"2022-02-02 18:50:08:508"}
{"level":"warn","message":"Method: GET, URl: /boards/e9ba59ab-cb38-4256-ab70-911cb4abcb91/tasks/b4aa0d3d-3090-4be8-94da-87c38a0a51de, query: {}, body: {}, statusCode: 404, exeption : Board with id = e9ba59ab-cb38-4256-ab70-911cb4abcb91 was not found","timestamp":"2022-02-02 18:50:08:508"}
{"level":"warn","message":"Method: GET, URl: /boards/e9ba59ab-cb38-4256-ab70-911cb4abcb91/tasks/c28cf9bd-674b-45c7-9888-17e73c7fbd92, query: {}, body: {}, statusCode: 404, exeption : Board with id = e9ba59ab-cb38-4256-ab70-911cb4abcb91 was not found","timestamp":"2022-02-02 18:50:08:508"}
{"level":"warn","message":"Method: GET, URl: /boards/e9ba59ab-cb38-4256-ab70-911cb4abcb91/tasks/32086300-b0a1-43c7-ae77-d888ef10678e, query: {}, body: {}, statusCode: 404, exeption : Board with id = e9ba59ab-cb38-4256-ab70-911cb4abcb91 was not found","timestamp":"2022-02-02 18:50:08:508"}
{"level":"warn","message":"Method: GET, URl: /boards/e9ba59ab-cb38-4256-ab70-911cb4abcb91/tasks/b97b1a24-2ef9-4994-b7a6-1e4da78722f1, query: {}, body: {}, statusCode: 404, exeption : Board with id = e9ba59ab-cb38-4256-ab70-911cb4abcb91 was not found","timestamp":"2022-02-02 18:50:08:508"}
{"level":"info","message":"Method: DELETE, URl: /boards/31c0885b-5aba-46c4-be23-39fa9262bf2a/tasks/2998c1f1-5419-4b29-b9c7-2f747a2e597b, query: {}, body: {}, statusCode: 204, exeption : none","timestamp":"2022-02-02 18:50:08:508"}
{"level":"info","message":"Method: DELETE, URl: /boards/31c0885b-5aba-46c4-be23-39fa9262bf2a/tasks/8da9cf8c-cbff-4cf0-a2b2-886325b5fc20, query: {}, body: {}, statusCode: 204, exeption : none","timestamp":"2022-02-02 18:50:08:508"}
{"level":"info","message":"Method: DELETE, URl: /boards/b0168dc7-a9e5-4443-be41-bddb11a3e939, query: {}, body: {}, statusCode: 204, exeption : none","timestamp":"2022-02-02 18:50:08:508"}
{"level":"info","message":"Method: DELETE, URl: /boards/31c0885b-5aba-46c4-be23-39fa9262bf2a, query: {}, body: {}, statusCode: 204, exeption : none","timestamp":"2022-02-02 18:50:08:508"}
{"level":"warn","message":"Method: GET, URl: /boards/12345/tasks, query: {}, body: {}, statusCode: 401, exeption : The user is not logged in","timestamp":"2022-02-02 18:51:53:5153"}
{"level":"warn","message":"Method: GET, URl: /users, query: {}, body: {}, statusCode: 401, exeption : The user is not logged in","timestamp":"2022-02-02 18:51:53:5153"}
{"level":"warn","message":"Method: GET, URl: /boards, query: {}, body: {}, statusCode: 401, exeption : The user is not logged in","timestamp":"2022-02-02 18:51:53:5153"}
{"level":"warn","message":"Method: GET, URl: /boards/12345/tasks/12345, query: {}, body: {}, statusCode: 401, exeption : The user is not logged in","timestamp":"2022-02-02 18:51:53:5153"}
{"level":"warn","message":"Method: GET, URl: /users/123, query: {}, body: {}, statusCode: 401, exeption : The user is not logged in","timestamp":"2022-02-02 18:51:53:5153"}
{"level":"warn","message":"Method: GET, URl: /boards/12345, query: {}, body: {}, statusCode: 401, exeption : The user is not logged in","timestamp":"2022-02-02 18:51:53:5153"}
{"level":"warn","message":"Method: POST, URl: /boards/12345/tasks, query: {}, body: {\"title\":\"Autotest task\",\"order\":0,\"description\":\"Lorem ipsum\",\"userId\":null,\"boardId\":null,\"columnId\":null}, statusCode: 401, exeption : The user is not logged in","timestamp":"2022-02-02 18:51:53:5153"}
{"level":"info","message":"Method: POST, URl: /login, query: {}, body: {\"login\":\"admin\",\"password\":\"admin\"}, statusCode: 200, exeption : none","timestamp":"2022-02-02 18:51:54:5154"}
{"level":"warn","message":"Method: POST, URl: /users, query: {}, body: {\"name\":\"TEST_USER\",\"login\":\"test_user\",\"password\":\"T35t_P@55w0rd\"}, statusCode: 401, exeption : The user is not logged in","timestamp":"2022-02-02 18:51:54:5154"}
{"level":"warn","message":"Method: POST, URl: /boards, query: {}, body: {\"title\":\"Autotest board\",\"columns\":[{\"title\":\"Backlog\",\"order\":1},{\"title\":\"Sprint\",\"order\":2}]}, statusCode: 401, exeption : The user is not logged in","timestamp":"2022-02-02 18:51:54:5154"}
{"level":"warn","message":"Method: PUT, URl: /boards/12345/tasks/12345, query: {}, body: {\"title\":\"Autotest task\",\"order\":0,\"description\":\"Lorem ipsum\",\"userId\":null,\"boardId\":null,\"columnId\":null}, statusCode: 401, exeption : The user is not logged in","timestamp":"2022-02-02 18:51:54:5154"}
{"level":"info","message":"Method: POST, URl: /login, query: {}, body: {\"login\":\"admin\",\"password\":\"admin\"}, statusCode: 200, exeption : none","timestamp":"2022-02-02 18:51:54:5154"}
{"level":"info","message":"Method: POST, URl: /login, query: {}, body: {\"login\":\"admin\",\"password\":\"admin\"}, statusCode: 200, exeption : none","timestamp":"2022-02-02 18:51:54:5154"}
{"level":"warn","message":"Method: PUT, URl: /users/12345, query: {}, body: {\"name\":\"TEST_USER\",\"login\":\"test_user\",\"password\":\"T35t_P@55w0rd\"}, statusCode: 401, exeption : The user is not logged in","timestamp":"2022-02-02 18:51:54:5154"}
{"level":"warn","message":"Method: PUT, URl: /boards/12345, query: {}, body: {\"title\":\"Autotest board\",\"columns\":[{\"title\":\"Backlog\",\"order\":1},{\"title\":\"Sprint\",\"order\":2}]}, statusCode: 401, exeption : The user is not logged in","timestamp":"2022-02-02 18:51:54:5154"}
{"level":"warn","message":"Method: DELETE, URl: /boards/12345/tasks/12345, query: {}, body: {}, statusCode: 401, exeption : The user is not logged in","timestamp":"2022-02-02 18:51:54:5154"}
{"level":"info","message":"Method: GET, URl: /users, query: {}, body: {}, statusCode: 200, exeption : none","timestamp":"2022-02-02 18:51:54:5154"}
{"level":"warn","message":"Method: DELETE, URl: /users/12345, query: {}, body: {}, statusCode: 401, exeption : The user is not logged in","timestamp":"2022-02-02 18:51:54:5154"}
{"level":"warn","message":"Method: DELETE, URl: /boards/12345, query: {}, body: {}, statusCode: 401, exeption : The user is not logged in","timestamp":"2022-02-02 18:51:54:5154"}
{"level":"warn","message":"Method: POST, URl: /users, query: {}, body: {\"name\":\"TEST_USER\",\"login\":\"test_user\",\"password\":\"T35t_P@55w0rd\"}, statusCode: 400, exeption : User with login = test_user already exists","timestamp":"2022-02-02 18:51:54:5154"}
{"level":"info","message":"Method: POST, URl: /boards, query: {}, body: {\"title\":\"Autotest board\",\"columns\":[{\"title\":\"Backlog\",\"order\":1},{\"title\":\"Sprint\",\"order\":2}]}, statusCode: 201, exeption : none","timestamp":"2022-02-02 18:51:54:5154"}
{"level":"info","message":"Method: POST, URl: /boards, query: {}, body: {\"title\":\"Autotest board\",\"columns\":[{\"title\":\"Backlog\",\"order\":1},{\"title\":\"Sprint\",\"order\":2}]}, statusCode: 201, exeption : none","timestamp":"2022-02-02 18:51:54:5154"}
{"level":"warn","message":"Method: POST, URl: /users, query: {}, body: {\"name\":\"TEST_USER\",\"login\":\"test_user\",\"password\":\"T35t_P@55w0rd\"}, statusCode: 400, exeption : User with login = test_user already exists","timestamp":"2022-02-02 18:51:54:5154"}
{"level":"warn","message":"Method: POST, URl: /users, query: {}, body: {\"name\":\"TEST_USER\",\"login\":\"test_user\",\"password\":\"T35t_P@55w0rd\"}, statusCode: 400, exeption : User with login = test_user already exists","timestamp":"2022-02-02 18:51:54:5154"}
{"level":"warn","message":"Method: PUT, URl: /users/undefined, query: {}, body: {\"name\":\"Autotest updated TEST_USER\",\"login\":\"test_user\",\"password\":\"T35t_P@55w0rd\"}, statusCode: 400, exeption : UserId= undefined is not valid","timestamp":"2022-02-02 18:51:54:5154"}
{"level":"info","message":"Method: GET, URl: /boards, query: {}, body: {}, statusCode: 200, exeption : none","timestamp":"2022-02-02 18:51:54:5154"}
{"level":"warn","message":"Method: POST, URl: /users, query: {}, body: {\"name\":\"TEST_USER\",\"login\":\"test_user\",\"password\":\"T35t_P@55w0rd\"}, statusCode: 400, exeption : User with login = test_user already exists","timestamp":"2022-02-02 18:51:54:5154"}
{"level":"info","message":"Method: POST, URl: /boards/5c766d5a-9973-40c8-93ee-2e45e1317fdc/tasks, query: {}, body: {\"title\":\"Autotest task\",\"order\":0,\"description\":\"Lorem ipsum\",\"userId\":null,\"boardId\":null,\"columnId\":null}, statusCode: 201, exeption : none","timestamp":"2022-02-02 18:51:54:5154"}
{"level":"warn","message":"Method: DELETE, URl: /users/undefined, query: {}, body: {}, statusCode: 400, exeption : UserId= undefined is not valid","timestamp":"2022-02-02 18:51:54:5154"}
{"level":"info","message":"Method: GET, URl: /boards, query: {}, body: {}, statusCode: 200, exeption : none","timestamp":"2022-02-02 18:51:54:5154"}
{"level":"warn","message":"Method: POST, URl: /users, query: {}, body: {\"name\":\"TEST_USER\",\"login\":\"test_user\",\"password\":\"T35t_P@55w0rd\"}, statusCode: 400, exeption : User with login = test_user already exists","timestamp":"2022-02-02 18:51:54:5154"}
{"level":"info","message":"Method: GET, URl: /boards/4cdc7115-c1a3-46d7-80f4-d3854b428b05, query: {}, body: {}, statusCode: 200, exeption : none","timestamp":"2022-02-02 18:51:54:5154"}
{"level":"info","message":"Method: GET, URl: /boards/5c766d5a-9973-40c8-93ee-2e45e1317fdc/tasks, query: {}, body: {}, statusCode: 200, exeption : none","timestamp":"2022-02-02 18:51:54:5154"}
{"level":"info","message":"Method: POST, URl: /boards, query: {}, body: {\"title\":\"Autotest board\",\"columns\":[{\"title\":\"Backlog\",\"order\":1},{\"title\":\"Sprint\",\"order\":2}]}, statusCode: 201, exeption : none","timestamp":"2022-02-02 18:51:54:5154"}
{"level":"info","message":"Method: GET, URl: /boards/5c766d5a-9973-40c8-93ee-2e45e1317fdc/tasks, query: {}, body: {}, statusCode: 200, exeption : none","timestamp":"2022-02-02 18:51:54:5154"}
{"level":"info","message":"Method: GET, URl: /boards/5c766d5a-9973-40c8-93ee-2e45e1317fdc/tasks/86a58d2b-9bc0-4d77-95e5-7aa2c9e2353c, query: {}, body: {}, statusCode: 200, exeption : none","timestamp":"2022-02-02 18:51:54:5154"}
{"level":"info","message":"Method: DELETE, URl: /boards/2c224b33-4aef-4837-889e-ed89fa4e45c8, query: {}, body: {}, statusCode: 204, exeption : none","timestamp":"2022-02-02 18:51:54:5154"}
{"level":"info","message":"Method: POST, URl: /boards/5c766d5a-9973-40c8-93ee-2e45e1317fdc/tasks, query: {}, body: {\"title\":\"Autotest task\",\"order\":0,\"description\":\"Lorem ipsum\",\"userId\":null,\"boardId\":null,\"columnId\":null}, statusCode: 201, exeption : none","timestamp":"2022-02-02 18:51:54:5154"}
{"level":"info","message":"Method: POST, URl: /boards, query: {}, body: {\"title\":\"Autotest board\",\"columns\":[{\"title\":\"Backlog\",\"order\":1},{\"title\":\"Sprint\",\"order\":2}]}, statusCode: 201, exeption : none","timestamp":"2022-02-02 18:51:54:5154"}
{"level":"info","message":"Method: DELETE, URl: /boards/5c766d5a-9973-40c8-93ee-2e45e1317fdc/tasks/b436e002-9062-4746-b2fa-72870f5474c4, query: {}, body: {}, statusCode: 204, exeption : none","timestamp":"2022-02-02 18:51:54:5154"}
{"level":"info","message":"Method: PUT, URl: /boards/51b95828-4d4a-4718-bd01-e90e8f782bbc, query: {}, body: {\"title\":\"Autotest updated board\",\"columns\":[{\"title\":\"Backlog\",\"order\":1,\"id\":\"2ad80563-c681-4b35-addb-374ba0c74341\"},{\"title\":\"Sprint\",\"order\":2,\"id\":\"2098169a-5da4-4cf9-80e3-c4c2711d26a3\"}]}, statusCode: 200, exeption : none","timestamp":"2022-02-02 18:51:54:5154"}
{"level":"info","message":"Method: GET, URl: /boards/51b95828-4d4a-4718-bd01-e90e8f782bbc, query: {}, body: {}, statusCode: 200, exeption : none","timestamp":"2022-02-02 18:51:54:5154"}
{"level":"info","message":"Method: POST, URl: /boards/5c766d5a-9973-40c8-93ee-2e45e1317fdc/tasks, query: {}, body: {\"title\":\"Autotest task\",\"order\":0,\"description\":\"Lorem ipsum\",\"userId\":null,\"boardId\":null,\"columnId\":null}, statusCode: 201, exeption : none","timestamp":"2022-02-02 18:51:54:5154"}
{"level":"info","message":"Method: DELETE, URl: /boards/51b95828-4d4a-4718-bd01-e90e8f782bbc, query: {}, body: {}, statusCode: 204, exeption : none","timestamp":"2022-02-02 18:51:54:5154"}
{"level":"info","message":"Method: PUT, URl: /boards/5c766d5a-9973-40c8-93ee-2e45e1317fdc/tasks/8c6393e7-9d52-43f6-a450-a147a28fb96d, query: {}, body: {\"title\":\"Autotest updated task\",\"description\":\"Lorem ipsum\",\"order\":0,\"userId\":null,\"boardId\":\"5c766d5a-9973-40c8-93ee-2e45e1317fdc\",\"columnId\":null}, statusCode: 200, exeption : none","timestamp":"2022-02-02 18:51:54:5154"}
{"level":"info","message":"Method: GET, URl: /boards/5c766d5a-9973-40c8-93ee-2e45e1317fdc/tasks/8c6393e7-9d52-43f6-a450-a147a28fb96d, query: {}, body: {}, statusCode: 200, exeption : none","timestamp":"2022-02-02 18:51:54:5154"}
{"level":"info","message":"Method: POST, URl: /boards, query: {}, body: {\"title\":\"Autotest board\",\"columns\":[{\"title\":\"Backlog\",\"order\":1},{\"title\":\"Sprint\",\"order\":2}]}, statusCode: 201, exeption : none","timestamp":"2022-02-02 18:51:54:5154"}
{"level":"info","message":"Method: GET, URl: /boards/5c766d5a-9973-40c8-93ee-2e45e1317fdc/tasks/86a58d2b-9bc0-4d77-95e5-7aa2c9e2353c, query: {}, body: {}, statusCode: 200, exeption : none","timestamp":"2022-02-02 18:51:54:5154"}
{"level":"info","message":"Method: DELETE, URl: /boards/1ed12ec5-b79e-44fa-aeff-8bf74dc21d8a, query: {}, body: {}, statusCode: 204, exeption : none","timestamp":"2022-02-02 18:51:54:5154"}
{"level":"warn","message":"Method: GET, URl: /boards/1ed12ec5-b79e-44fa-aeff-8bf74dc21d8a, query: {}, body: {}, statusCode: 404, exeption : Board with id = 1ed12ec5-b79e-44fa-aeff-8bf74dc21d8a was not found","timestamp":"2022-02-02 18:51:54:5154"}
{"level":"info","message":"Method: DELETE, URl: /boards/5c766d5a-9973-40c8-93ee-2e45e1317fdc/tasks/86a58d2b-9bc0-4d77-95e5-7aa2c9e2353c, query: {}, body: {}, statusCode: 204, exeption : none","timestamp":"2022-02-02 18:51:54:5154"}
{"level":"warn","message":"Method: GET, URl: /boards/5c766d5a-9973-40c8-93ee-2e45e1317fdc/tasks/86a58d2b-9bc0-4d77-95e5-7aa2c9e2353c, query: {}, body: {}, statusCode: 404, exeption : Task with id = 86a58d2b-9bc0-4d77-95e5-7aa2c9e2353c was not found","timestamp":"2022-02-02 18:51:55:5155"}
{"level":"info","message":"Method: POST, URl: /boards, query: {}, body: {\"title\":\"Autotest board\",\"columns\":[{\"title\":\"Backlog\",\"order\":1},{\"title\":\"Sprint\",\"order\":2}]}, statusCode: 201, exeption : none","timestamp":"2022-02-02 18:51:55:5155"}
{"level":"info","message":"Method: DELETE, URl: /boards/5c766d5a-9973-40c8-93ee-2e45e1317fdc, query: {}, body: {}, statusCode: 204, exeption : none","timestamp":"2022-02-02 18:51:55:5155"}
{"level":"info","message":"Method: POST, URl: /boards/166c2b1e-8332-4d06-8aee-a9a7a61d2400/tasks, query: {}, body: {\"title\":\"Task #1\",\"order\":1,\"description\":\"Lorem ipsum\",\"boardId\":\"166c2b1e-8332-4d06-8aee-a9a7a61d2400\",\"userId\":null,\"columnId\":null}, statusCode: 201, exeption : none","timestamp":"2022-02-02 18:51:55:5155"}
{"level":"info","message":"Method: POST, URl: /boards/166c2b1e-8332-4d06-8aee-a9a7a61d2400/tasks, query: {}, body: {\"title\":\"Task #4\",\"order\":4,\"description\":\"Lorem ipsum\",\"boardId\":\"166c2b1e-8332-4d06-8aee-a9a7a61d2400\",\"userId\":null,\"columnId\":null}, statusCode: 201, exeption : none","timestamp":"2022-02-02 18:51:55:5155"}
{"level":"info","message":"Method: POST, URl: /boards/166c2b1e-8332-4d06-8aee-a9a7a61d2400/tasks, query: {}, body: {\"title\":\"Task #3\",\"order\":3,\"description\":\"Lorem ipsum\",\"boardId\":\"166c2b1e-8332-4d06-8aee-a9a7a61d2400\",\"userId\":null,\"columnId\":null}, statusCode: 201, exeption : none","timestamp":"2022-02-02 18:51:55:5155"}
{"level":"info","message":"Method: POST, URl: /boards/166c2b1e-8332-4d06-8aee-a9a7a61d2400/tasks, query: {}, body: {\"title\":\"Task #2\",\"order\":2,\"description\":\"Lorem ipsum\",\"boardId\":\"166c2b1e-8332-4d06-8aee-a9a7a61d2400\",\"userId\":null,\"columnId\":null}, statusCode: 201, exeption : none","timestamp":"2022-02-02 18:51:55:5155"}
{"level":"info","message":"Method: POST, URl: /boards/166c2b1e-8332-4d06-8aee-a9a7a61d2400/tasks, query: {}, body: {\"title\":\"Task #5\",\"order\":5,\"description\":\"Lorem ipsum\",\"boardId\":\"166c2b1e-8332-4d06-8aee-a9a7a61d2400\",\"userId\":null,\"columnId\":null}, statusCode: 201, exeption : none","timestamp":"2022-02-02 18:51:55:5155"}
{"level":"info","message":"Method: GET, URl: /boards/166c2b1e-8332-4d06-8aee-a9a7a61d2400/tasks/69714864-002e-4374-ae8a-aca4bcc49907, query: {}, body: {}, statusCode: 200, exeption : none","timestamp":"2022-02-02 18:51:55:5155"}
{"level":"info","message":"Method: GET, URl: /boards/166c2b1e-8332-4d06-8aee-a9a7a61d2400/tasks/a229deb2-5922-4d1e-b212-bbf2d8fce798, query: {}, body: {}, statusCode: 200, exeption : none","timestamp":"2022-02-02 18:51:55:5155"}
{"level":"info","message":"Method: GET, URl: /boards/166c2b1e-8332-4d06-8aee-a9a7a61d2400/tasks/727d9900-cabd-4bb5-907d-d2dbd9c5e561, query: {}, body: {}, statusCode: 200, exeption : none","timestamp":"2022-02-02 18:51:55:5155"}
{"level":"info","message":"Method: GET, URl: /boards/166c2b1e-8332-4d06-8aee-a9a7a61d2400/tasks/d50a7ddb-23e7-4a41-b3d4-55e79454e917, query: {}, body: {}, statusCode: 200, exeption : none","timestamp":"2022-02-02 18:51:55:5155"}
{"level":"info","message":"Method: GET, URl: /boards/166c2b1e-8332-4d06-8aee-a9a7a61d2400/tasks/e3d63fae-d929-4813-a72b-12e4e1aa8d2e, query: {}, body: {}, statusCode: 200, exeption : none","timestamp":"2022-02-02 18:51:55:5155"}
{"level":"info","message":"Method: DELETE, URl: /boards/166c2b1e-8332-4d06-8aee-a9a7a61d2400, query: {}, body: {}, statusCode: 204, exeption : none","timestamp":"2022-02-02 18:51:55:5155"}
{"level":"warn","message":"Method: GET, URl: /boards/166c2b1e-8332-4d06-8aee-a9a7a61d2400/tasks/69714864-002e-4374-ae8a-aca4bcc49907, query: {}, body: {}, statusCode: 404, exeption : Board with id = 166c2b1e-8332-4d06-8aee-a9a7a61d2400 was not found","timestamp":"2022-02-02 18:51:55:5155"}
{"level":"warn","message":"Method: GET, URl: /boards/166c2b1e-8332-4d06-8aee-a9a7a61d2400/tasks/a229deb2-5922-4d1e-b212-bbf2d8fce798, query: {}, body: {}, statusCode: 404, exeption : Board with id = 166c2b1e-8332-4d06-8aee-a9a7a61d2400 was not found","timestamp":"2022-02-02 18:51:55:5155"}
{"level":"warn","message":"Method: GET, URl: /boards/166c2b1e-8332-4d06-8aee-a9a7a61d2400/tasks/727d9900-cabd-4bb5-907d-d2dbd9c5e561, query: {}, body: {}, statusCode: 404, exeption : Board with id = 166c2b1e-8332-4d06-8aee-a9a7a61d2400 was not found","timestamp":"2022-02-02 18:51:55:5155"}
{"level":"warn","message":"Method: GET, URl: /boards/166c2b1e-8332-4d06-8aee-a9a7a61d2400/tasks/e3d63fae-d929-4813-a72b-12e4e1aa8d2e, query: {}, body: {}, statusCode: 404, exeption : Board with id = 166c2b1e-8332-4d06-8aee-a9a7a61d2400 was not found","timestamp":"2022-02-02 18:51:55:5155"}
{"level":"warn","message":"Method: GET, URl: /boards/166c2b1e-8332-4d06-8aee-a9a7a61d2400/tasks/d50a7ddb-23e7-4a41-b3d4-55e79454e917, query: {}, body: {}, statusCode: 404, exeption : Board with id = 166c2b1e-8332-4d06-8aee-a9a7a61d2400 was not found","timestamp":"2022-02-02 18:51:55:5155"}
{"level":"info","message":"Method: DELETE, URl: /boards/4cdc7115-c1a3-46d7-80f4-d3854b428b05, query: {}, body: {}, statusCode: 204, exeption : none","timestamp":"2022-02-02 18:51:55:5155"}
{"level":"info","message":"Method: GET, URl: /users/, query: {}, body: {\"name\":\"admin\",\"login\":\"admin4\",\"password\":\"admin\"}, statusCode: 200, exeption : none","timestamp":"2022-02-02 18:54:10:5410"}
{"level":"warn","message":"Method: GET, URl: /boards/12345/tasks, query: {}, body: {}, statusCode: 401, exeption : The user is not logged in","timestamp":"2022-02-02 18:54:36:5436"}
{"level":"warn","message":"Method: GET, URl: /users, query: {}, body: {}, statusCode: 401, exeption : The user is not logged in","timestamp":"2022-02-02 18:54:36:5436"}
{"level":"warn","message":"Method: GET, URl: /boards, query: {}, body: {}, statusCode: 401, exeption : The user is not logged in","timestamp":"2022-02-02 18:54:36:5436"}
{"level":"warn","message":"Method: GET, URl: /boards/12345/tasks/12345, query: {}, body: {}, statusCode: 401, exeption : The user is not logged in","timestamp":"2022-02-02 18:54:36:5436"}
{"level":"info","message":"Method: POST, URl: /login, query: {}, body: {\"login\":\"admin\",\"password\":\"admin\"}, statusCode: 200, exeption : none","timestamp":"2022-02-02 18:54:36:5436"}
{"level":"info","message":"Method: POST, URl: /login, query: {}, body: {\"login\":\"admin\",\"password\":\"admin\"}, statusCode: 200, exeption : none","timestamp":"2022-02-02 18:54:36:5436"}
{"level":"warn","message":"Method: GET, URl: /users/123, query: {}, body: {}, statusCode: 401, exeption : The user is not logged in","timestamp":"2022-02-02 18:54:36:5436"}
{"level":"warn","message":"Method: GET, URl: /boards/12345, query: {}, body: {}, statusCode: 401, exeption : The user is not logged in","timestamp":"2022-02-02 18:54:36:5436"}
{"level":"warn","message":"Method: POST, URl: /boards/12345/tasks, query: {}, body: {\"title\":\"Autotest task\",\"order\":0,\"description\":\"Lorem ipsum\",\"userId\":null,\"boardId\":null,\"columnId\":null}, statusCode: 401, exeption : The user is not logged in","timestamp":"2022-02-02 18:54:36:5436"}
{"level":"info","message":"Method: POST, URl: /login, query: {}, body: {\"login\":\"admin\",\"password\":\"admin\"}, statusCode: 200, exeption : none","timestamp":"2022-02-02 18:54:36:5436"}
{"level":"warn","message":"Method: POST, URl: /users, query: {}, body: {\"name\":\"TEST_USER\",\"login\":\"test_user\",\"password\":\"T35t_P@55w0rd\"}, statusCode: 401, exeption : The user is not logged in","timestamp":"2022-02-02 18:54:36:5436"}
{"level":"warn","message":"Method: POST, URl: /boards, query: {}, body: {\"title\":\"Autotest board\",\"columns\":[{\"title\":\"Backlog\",\"order\":1},{\"title\":\"Sprint\",\"order\":2}]}, statusCode: 401, exeption : The user is not logged in","timestamp":"2022-02-02 18:54:36:5436"}
{"level":"warn","message":"Method: PUT, URl: /boards/12345/tasks/12345, query: {}, body: {\"title\":\"Autotest task\",\"order\":0,\"description\":\"Lorem ipsum\",\"userId\":null,\"boardId\":null,\"columnId\":null}, statusCode: 401, exeption : The user is not logged in","timestamp":"2022-02-02 18:54:36:5436"}
{"level":"warn","message":"Method: PUT, URl: /users/12345, query: {}, body: {\"name\":\"TEST_USER\",\"login\":\"test_user\",\"password\":\"T35t_P@55w0rd\"}, statusCode: 401, exeption : The user is not logged in","timestamp":"2022-02-02 18:54:36:5436"}
{"level":"warn","message":"Method: PUT, URl: /boards/12345, query: {}, body: {\"title\":\"Autotest board\",\"columns\":[{\"title\":\"Backlog\",\"order\":1},{\"title\":\"Sprint\",\"order\":2}]}, statusCode: 401, exeption : The user is not logged in","timestamp":"2022-02-02 18:54:36:5436"}
{"level":"warn","message":"Method: DELETE, URl: /boards/12345/tasks/12345, query: {}, body: {}, statusCode: 401, exeption : The user is not logged in","timestamp":"2022-02-02 18:54:36:5436"}
{"level":"warn","message":"Method: DELETE, URl: /users/12345, query: {}, body: {}, statusCode: 401, exeption : The user is not logged in","timestamp":"2022-02-02 18:54:36:5436"}
{"level":"warn","message":"Method: DELETE, URl: /boards/12345, query: {}, body: {}, statusCode: 401, exeption : The user is not logged in","timestamp":"2022-02-02 18:54:36:5436"}
{"level":"info","message":"Method: GET, URl: /users, query: {}, body: {}, statusCode: 200, exeption : none","timestamp":"2022-02-02 18:54:36:5436"}
{"level":"info","message":"Method: POST, URl: /boards, query: {}, body: {\"title\":\"Autotest board\",\"columns\":[{\"title\":\"Backlog\",\"order\":1},{\"title\":\"Sprint\",\"order\":2}]}, statusCode: 201, exeption : none","timestamp":"2022-02-02 18:54:36:5436"}
{"level":"info","message":"Method: POST, URl: /boards, query: {}, body: {\"title\":\"Autotest board\",\"columns\":[{\"title\":\"Backlog\",\"order\":1},{\"title\":\"Sprint\",\"order\":2}]}, statusCode: 201, exeption : none","timestamp":"2022-02-02 18:54:36:5436"}
{"level":"info","message":"Method: GET, URl: /boards, query: {}, body: {}, statusCode: 200, exeption : none","timestamp":"2022-02-02 18:54:37:5437"}
{"level":"info","message":"Method: POST, URl: /boards/31dfa8d8-60b6-4186-9644-13ac6f117121/tasks, query: {}, body: {\"title\":\"Autotest task\",\"order\":0,\"description\":\"Lorem ipsum\",\"userId\":null,\"boardId\":null,\"columnId\":null}, statusCode: 201, exeption : none","timestamp":"2022-02-02 18:54:37:5437"}
{"level":"info","message":"Method: GET, URl: /boards, query: {}, body: {}, statusCode: 200, exeption : none","timestamp":"2022-02-02 18:54:37:5437"}
{"level":"info","message":"Method: POST, URl: /users, query: {}, body: {\"name\":\"TEST_USER\",\"login\":\"test_user\",\"password\":\"T35t_P@55w0rd\"}, statusCode: 201, exeption : none","timestamp":"2022-02-02 18:54:37:5437"}
{"level":"info","message":"Method: GET, URl: /boards/0c817fca-db63-4689-99bc-82288a967173, query: {}, body: {}, statusCode: 200, exeption : none","timestamp":"2022-02-02 18:54:37:5437"}
{"level":"info","message":"Method: GET, URl: /users/a6f01e24-e548-4236-ba5b-3b7226cbc0d1, query: {}, body: {}, statusCode: 200, exeption : none","timestamp":"2022-02-02 18:54:37:5437"}
{"level":"info","message":"Method: GET, URl: /boards/31dfa8d8-60b6-4186-9644-13ac6f117121/tasks, query: {}, body: {}, statusCode: 200, exeption : none","timestamp":"2022-02-02 18:54:37:5437"}
{"level":"info","message":"Method: GET, URl: /boards/31dfa8d8-60b6-4186-9644-13ac6f117121/tasks, query: {}, body: {}, statusCode: 200, exeption : none","timestamp":"2022-02-02 18:54:37:5437"}
{"level":"info","message":"Method: DELETE, URl: /users/a6f01e24-e548-4236-ba5b-3b7226cbc0d1, query: {}, body: {}, statusCode: 204, exeption : none","timestamp":"2022-02-02 18:54:37:5437"}
{"level":"info","message":"Method: GET, URl: /boards/31dfa8d8-60b6-4186-9644-13ac6f117121/tasks/2bad1723-139c-41b6-b046-80abd27d385f, query: {}, body: {}, statusCode: 200, exeption : none","timestamp":"2022-02-02 18:54:37:5437"}
{"level":"info","message":"Method: POST, URl: /boards, query: {}, body: {\"title\":\"Autotest board\",\"columns\":[{\"title\":\"Backlog\",\"order\":1},{\"title\":\"Sprint\",\"order\":2}]}, statusCode: 201, exeption : none","timestamp":"2022-02-02 18:54:37:5437"}
{"level":"info","message":"Method: POST, URl: /users, query: {}, body: {\"name\":\"TEST_USER\",\"login\":\"test_user\",\"password\":\"T35t_P@55w0rd\"}, statusCode: 201, exeption : none","timestamp":"2022-02-02 18:54:37:5437"}
{"level":"info","message":"Method: POST, URl: /boards/31dfa8d8-60b6-4186-9644-13ac6f117121/tasks, query: {}, body: {\"title\":\"Autotest task\",\"order\":0,\"description\":\"Lorem ipsum\",\"userId\":null,\"boardId\":null,\"columnId\":null}, statusCode: 201, exeption : none","timestamp":"2022-02-02 18:54:37:5437"}
{"level":"info","message":"Method: DELETE, URl: /boards/acf7f7ca-647a-401f-9d6b-7a23539b4ad1, query: {}, body: {}, statusCode: 204, exeption : none","timestamp":"2022-02-02 18:54:37:5437"}
{"level":"info","message":"Method: DELETE, URl: /users/b3756fcc-a3cd-4369-8af5-7510f4ff7f37, query: {}, body: {}, statusCode: 204, exeption : none","timestamp":"2022-02-02 18:54:37:5437"}
{"level":"info","message":"Method: POST, URl: /boards, query: {}, body: {\"title\":\"Autotest board\",\"columns\":[{\"title\":\"Backlog\",\"order\":1},{\"title\":\"Sprint\",\"order\":2}]}, statusCode: 201, exeption : none","timestamp":"2022-02-02 18:54:37:5437"}
{"level":"info","message":"Method: DELETE, URl: /boards/31dfa8d8-60b6-4186-9644-13ac6f117121/tasks/cc153c2e-6999-49da-8601-2d5348aeaab6, query: {}, body: {}, statusCode: 204, exeption : none","timestamp":"2022-02-02 18:54:37:5437"}
{"level":"info","message":"Method: POST, URl: /users, query: {}, body: {\"name\":\"TEST_USER\",\"login\":\"test_user\",\"password\":\"T35t_P@55w0rd\"}, statusCode: 201, exeption : none","timestamp":"2022-02-02 18:54:37:5437"}
{"level":"info","message":"Method: POST, URl: /boards/31dfa8d8-60b6-4186-9644-13ac6f117121/tasks, query: {}, body: {\"title\":\"Autotest task\",\"order\":0,\"description\":\"Lorem ipsum\",\"userId\":null,\"boardId\":null,\"columnId\":null}, statusCode: 201, exeption : none","timestamp":"2022-02-02 18:54:37:5437"}
{"level":"info","message":"Method: PUT, URl: /boards/262e2a30-362f-48fe-83e2-38c189589b4b, query: {}, body: {\"title\":\"Autotest updated board\",\"columns\":[{\"title\":\"Backlog\",\"order\":1,\"id\":\"b6015982-7c3b-42df-9ea9-7f905249aaf0\"},{\"title\":\"Sprint\",\"order\":2,\"id\":\"35646519-8349-4775-a4bd-e81999d7eefa\"}]}, statusCode: 200, exeption : none","timestamp":"2022-02-02 18:54:37:5437"}
{"level":"info","message":"Method: GET, URl: /boards/262e2a30-362f-48fe-83e2-38c189589b4b, query: {}, body: {}, statusCode: 200, exeption : none","timestamp":"2022-02-02 18:54:37:5437"}
{"level":"info","message":"Method: PUT, URl: /users/42cb3fcc-4376-4cfc-bc24-d9cb12ac489a, query: {}, body: {\"name\":\"Autotest updated TEST_USER\",\"login\":\"test_user\",\"password\":\"T35t_P@55w0rd\"}, statusCode: 200, exeption : none","timestamp":"2022-02-02 18:54:37:5437"}
{"level":"info","message":"Method: GET, URl: /users/42cb3fcc-4376-4cfc-bc24-d9cb12ac489a, query: {}, body: {}, statusCode: 200, exeption : none","timestamp":"2022-02-02 18:54:37:5437"}
{"level":"info","message":"Method: DELETE, URl: /boards/262e2a30-362f-48fe-83e2-38c189589b4b, query: {}, body: {}, statusCode: 204, exeption : none","timestamp":"2022-02-02 18:54:37:5437"}
{"level":"info","message":"Method: PUT, URl: /boards/31dfa8d8-60b6-4186-9644-13ac6f117121/tasks/02828641-f836-477f-8f47-b4765f5fa1fc, query: {}, body: {\"title\":\"Autotest updated task\",\"description\":\"Lorem ipsum\",\"order\":0,\"userId\":null,\"boardId\":\"31dfa8d8-60b6-4186-9644-13ac6f117121\",\"columnId\":null}, statusCode: 200, exeption : none","timestamp":"2022-02-02 18:54:37:5437"}
{"level":"info","message":"Method: GET, URl: /boards/31dfa8d8-60b6-4186-9644-13ac6f117121/tasks/02828641-f836-477f-8f47-b4765f5fa1fc, query: {}, body: {}, statusCode: 200, exeption : none","timestamp":"2022-02-02 18:54:37:5437"}
{"level":"info","message":"Method: DELETE, URl: /users/42cb3fcc-4376-4cfc-bc24-d9cb12ac489a, query: {}, body: {}, statusCode: 204, exeption : none","timestamp":"2022-02-02 18:54:37:5437"}
{"level":"info","message":"Method: GET, URl: /boards/31dfa8d8-60b6-4186-9644-13ac6f117121/tasks/2bad1723-139c-41b6-b046-80abd27d385f, query: {}, body: {}, statusCode: 200, exeption : none","timestamp":"2022-02-02 18:54:37:5437"}
{"level":"info","message":"Method: POST, URl: /boards, query: {}, body: {\"title\":\"Autotest board\",\"columns\":[{\"title\":\"Backlog\",\"order\":1},{\"title\":\"Sprint\",\"order\":2}]}, statusCode: 201, exeption : none","timestamp":"2022-02-02 18:54:37:5437"}
{"level":"info","message":"Method: DELETE, URl: /boards/31dfa8d8-60b6-4186-9644-13ac6f117121/tasks/2bad1723-139c-41b6-b046-80abd27d385f, query: {}, body: {}, statusCode: 204, exeption : none","timestamp":"2022-02-02 18:54:37:5437"}
{"level":"warn","message":"Method: GET, URl: /boards/31dfa8d8-60b6-4186-9644-13ac6f117121/tasks/2bad1723-139c-41b6-b046-80abd27d385f, query: {}, body: {}, statusCode: 404, exeption : Task with id = 2bad1723-139c-41b6-b046-80abd27d385f was not found","timestamp":"2022-02-02 18:54:37:5437"}
{"level":"info","message":"Method: DELETE, URl: /boards/ae865a7e-2d71-4ecd-8344-25c987702eed, query: {}, body: {}, statusCode: 204, exeption : none","timestamp":"2022-02-02 18:54:37:5437"}
{"level":"info","message":"Method: POST, URl: /users, query: {}, body: {\"name\":\"TEST_USER\",\"login\":\"test_user\",\"password\":\"T35t_P@55w0rd\"}, statusCode: 201, exeption : none","timestamp":"2022-02-02 18:54:37:5437"}
{"level":"warn","message":"Method: GET, URl: /boards/ae865a7e-2d71-4ecd-8344-25c987702eed, query: {}, body: {}, statusCode: 404, exeption : Board with id = ae865a7e-2d71-4ecd-8344-25c987702eed was not found","timestamp":"2022-02-02 18:54:37:5437"}
{"level":"info","message":"Method: DELETE, URl: /boards/31dfa8d8-60b6-4186-9644-13ac6f117121, query: {}, body: {}, statusCode: 204, exeption : none","timestamp":"2022-02-02 18:54:37:5437"}
{"level":"info","message":"Method: DELETE, URl: /users/e10d810b-2c00-43ad-a63d-389aaa044c72, query: {}, body: {}, statusCode: 204, exeption : none","timestamp":"2022-02-02 18:54:37:5437"}
{"level":"info","message":"Method: POST, URl: /boards, query: {}, body: {\"title\":\"Autotest board\",\"columns\":[{\"title\":\"Backlog\",\"order\":1},{\"title\":\"Sprint\",\"order\":2}]}, statusCode: 201, exeption : none","timestamp":"2022-02-02 18:54:38:5438"}
{"level":"info","message":"Method: POST, URl: /users, query: {}, body: {\"name\":\"TEST_USER\",\"login\":\"test_user\",\"password\":\"T35t_P@55w0rd\"}, statusCode: 201, exeption : none","timestamp":"2022-02-02 18:54:38:5438"}
{"level":"info","message":"Method: POST, URl: /boards/9ebb4e46-e571-414c-bd26-7198308778f5/tasks, query: {}, body: {\"title\":\"Task #1\",\"order\":1,\"description\":\"Lorem ipsum\",\"boardId\":\"9ebb4e46-e571-414c-bd26-7198308778f5\",\"userId\":null,\"columnId\":null}, statusCode: 201, exeption : none","timestamp":"2022-02-02 18:54:38:5438"}
{"level":"info","message":"Method: POST, URl: /boards/9ebb4e46-e571-414c-bd26-7198308778f5/tasks, query: {}, body: {\"title\":\"Task #2\",\"order\":2,\"description\":\"Lorem ipsum\",\"boardId\":\"9ebb4e46-e571-414c-bd26-7198308778f5\",\"userId\":null,\"columnId\":null}, statusCode: 201, exeption : none","timestamp":"2022-02-02 18:54:38:5438"}
{"level":"info","message":"Method: POST, URl: /boards, query: {}, body: {\"title\":\"Autotest board\",\"columns\":[{\"title\":\"Backlog\",\"order\":1},{\"title\":\"Sprint\",\"order\":2}]}, statusCode: 201, exeption : none","timestamp":"2022-02-02 18:54:38:5438"}
{"level":"info","message":"Method: POST, URl: /boards/9ebb4e46-e571-414c-bd26-7198308778f5/tasks, query: {}, body: {\"title\":\"Task #4\",\"order\":4,\"description\":\"Lorem ipsum\",\"boardId\":\"9ebb4e46-e571-414c-bd26-7198308778f5\",\"userId\":null,\"columnId\":null}, statusCode: 201, exeption : none","timestamp":"2022-02-02 18:54:38:5438"}
{"level":"info","message":"Method: POST, URl: /boards/b0ea413f-14af-4954-a6de-4d72a47441bf/tasks, query: {}, body: {\"title\":\"Task #1\",\"order\":1,\"description\":\"Lorem ipsum\",\"userId\":\"8b497c69-23b7-4210-b75f-db71a78787a4\",\"boardId\":\"b0ea413f-14af-4954-a6de-4d72a47441bf\"}, statusCode: 201, exeption : none","timestamp":"2022-02-02 18:54:38:5438"}
{"level":"info","message":"Method: POST, URl: /boards/9ebb4e46-e571-414c-bd26-7198308778f5/tasks, query: {}, body: {\"title\":\"Task #3\",\"order\":3,\"description\":\"Lorem ipsum\",\"boardId\":\"9ebb4e46-e571-414c-bd26-7198308778f5\",\"userId\":null,\"columnId\":null}, statusCode: 201, exeption : none","timestamp":"2022-02-02 18:54:38:5438"}
{"level":"info","message":"Method: POST, URl: /boards/9ebb4e46-e571-414c-bd26-7198308778f5/tasks, query: {}, body: {\"title\":\"Task #5\",\"order\":5,\"description\":\"Lorem ipsum\",\"boardId\":\"9ebb4e46-e571-414c-bd26-7198308778f5\",\"userId\":null,\"columnId\":null}, statusCode: 201, exeption : none","timestamp":"2022-02-02 18:54:38:5438"}
{"level":"info","message":"Method: POST, URl: /boards/b0ea413f-14af-4954-a6de-4d72a47441bf/tasks, query: {}, body: {\"title\":\"Task #2\",\"order\":2,\"description\":\"Lorem ipsum\",\"userId\":\"8b497c69-23b7-4210-b75f-db71a78787a4\",\"boardId\":\"b0ea413f-14af-4954-a6de-4d72a47441bf\"}, statusCode: 201, exeption : none","timestamp":"2022-02-02 18:54:38:5438"}
{"level":"info","message":"Method: GET, URl: /boards/9ebb4e46-e571-414c-bd26-7198308778f5/tasks/6977602d-be28-4a81-a85a-e9e27674f0e5, query: {}, body: {}, statusCode: 200, exeption : none","timestamp":"2022-02-02 18:54:38:5438"}
{"level":"info","message":"Method: GET, URl: /boards/9ebb4e46-e571-414c-bd26-7198308778f5/tasks/c01ae301-3c98-4302-9fcb-3de6b9943839, query: {}, body: {}, statusCode: 200, exeption : none","timestamp":"2022-02-02 18:54:38:5438"}
{"level":"info","message":"Method: GET, URl: /boards/9ebb4e46-e571-414c-bd26-7198308778f5/tasks/05e77c50-fb7c-4f57-bdc5-2376a0f0b670, query: {}, body: {}, statusCode: 200, exeption : none","timestamp":"2022-02-02 18:54:38:5438"}
{"level":"info","message":"Method: GET, URl: /boards/9ebb4e46-e571-414c-bd26-7198308778f5/tasks/8864e9f8-69de-448c-9825-d891584b6c14, query: {}, body: {}, statusCode: 200, exeption : none","timestamp":"2022-02-02 18:54:38:5438"}
{"level":"info","message":"Method: GET, URl: /boards/9ebb4e46-e571-414c-bd26-7198308778f5/tasks/1709fbb6-b0dd-4944-8c97-85c5f9f3f85a, query: {}, body: {}, statusCode: 200, exeption : none","timestamp":"2022-02-02 18:54:38:5438"}
{"level":"info","message":"Method: DELETE, URl: /users/8b497c69-23b7-4210-b75f-db71a78787a4, query: {}, body: {}, statusCode: 204, exeption : none","timestamp":"2022-02-02 18:54:38:5438"}
{"level":"info","message":"Method: GET, URl: /boards/b0ea413f-14af-4954-a6de-4d72a47441bf/tasks/a0169778-e42a-4293-80e7-22844b14c23f, query: {}, body: {}, statusCode: 200, exeption : none","timestamp":"2022-02-02 18:54:38:5438"}
{"level":"info","message":"Method: GET, URl: /boards/b0ea413f-14af-4954-a6de-4d72a47441bf/tasks/7307040b-9594-4a3d-8ecc-884d663ffdd4, query: {}, body: {}, statusCode: 200, exeption : none","timestamp":"2022-02-02 18:54:38:5438"}
{"level":"info","message":"Method: DELETE, URl: /boards/9ebb4e46-e571-414c-bd26-7198308778f5, query: {}, body: {}, statusCode: 204, exeption : none","timestamp":"2022-02-02 18:54:38:5438"}
{"level":"warn","message":"Method: GET, URl: /boards/9ebb4e46-e571-414c-bd26-7198308778f5/tasks/6977602d-be28-4a81-a85a-e9e27674f0e5, query: {}, body: {}, statusCode: 404, exeption : Board with id = 9ebb4e46-e571-414c-bd26-7198308778f5 was not found","timestamp":"2022-02-02 18:54:38:5438"}
{"level":"warn","message":"Method: GET, URl: /boards/9ebb4e46-e571-414c-bd26-7198308778f5/tasks/05e77c50-fb7c-4f57-bdc5-2376a0f0b670, query: {}, body: {}, statusCode: 404, exeption : Board with id = 9ebb4e46-e571-414c-bd26-7198308778f5 was not found","timestamp":"2022-02-02 18:54:38:5438"}
{"level":"warn","message":"Method: GET, URl: /boards/9ebb4e46-e571-414c-bd26-7198308778f5/tasks/c01ae301-3c98-4302-9fcb-3de6b9943839, query: {}, body: {}, statusCode: 404, exeption : Board with id = 9ebb4e46-e571-414c-bd26-7198308778f5 was not found","timestamp":"2022-02-02 18:54:38:5438"}
{"level":"warn","message":"Method: GET, URl: /boards/9ebb4e46-e571-414c-bd26-7198308778f5/tasks/8864e9f8-69de-448c-9825-d891584b6c14, query: {}, body: {}, statusCode: 404, exeption : Board with id = 9ebb4e46-e571-414c-bd26-7198308778f5 was not found","timestamp":"2022-02-02 18:54:38:5438"}
{"level":"info","message":"Method: DELETE, URl: /boards/b0ea413f-14af-4954-a6de-4d72a47441bf/tasks/7307040b-9594-4a3d-8ecc-884d663ffdd4, query: {}, body: {}, statusCode: 204, exeption : none","timestamp":"2022-02-02 18:54:38:5438"}
{"level":"info","message":"Method: DELETE, URl: /boards/b0ea413f-14af-4954-a6de-4d72a47441bf/tasks/a0169778-e42a-4293-80e7-22844b14c23f, query: {}, body: {}, statusCode: 204, exeption : none","timestamp":"2022-02-02 18:54:38:5438"}
{"level":"warn","message":"Method: GET, URl: /boards/9ebb4e46-e571-414c-bd26-7198308778f5/tasks/1709fbb6-b0dd-4944-8c97-85c5f9f3f85a, query: {}, body: {}, statusCode: 404, exeption : Board with id = 9ebb4e46-e571-414c-bd26-7198308778f5 was not found","timestamp":"2022-02-02 18:54:38:5438"}
{"level":"info","message":"Method: DELETE, URl: /boards/b0ea413f-14af-4954-a6de-4d72a47441bf, query: {}, body: {}, statusCode: 204, exeption : none","timestamp":"2022-02-02 18:54:38:5438"}
{"level":"info","message":"Method: DELETE, URl: /boards/0c817fca-db63-4689-99bc-82288a967173, query: {}, body: {}, statusCode: 204, exeption : none","timestamp":"2022-02-02 18:54:38:5438"}
{"level":"warn","message":"Method: GET, URl: /users, query: {}, body: {}, statusCode: 401, exeption : The user is not logged in","timestamp":"2022-02-02 18:57:22:5722"}
{"level":"warn","message":"Method: GET, URl: /boards/12345/tasks, query: {}, body: {}, statusCode: 401, exeption : The user is not logged in","timestamp":"2022-02-02 18:57:22:5722"}
{"level":"warn","message":"Method: GET, URl: /users/123, query: {}, body: {}, statusCode: 401, exeption : The user is not logged in","timestamp":"2022-02-02 18:57:22:5722"}
{"level":"warn","message":"Method: GET, URl: /boards, query: {}, body: {}, statusCode: 401, exeption : The user is not logged in","timestamp":"2022-02-02 18:57:22:5722"}
{"level":"warn","message":"Method: POST, URl: /users, query: {}, body: {\"name\":\"TEST_USER\",\"login\":\"test_user\",\"password\":\"T35t_P@55w0rd\"}, statusCode: 401, exeption : The user is not logged in","timestamp":"2022-02-02 18:57:22:5722"}
{"level":"warn","message":"Method: GET, URl: /boards/12345/tasks/12345, query: {}, body: {}, statusCode: 401, exeption : The user is not logged in","timestamp":"2022-02-02 18:57:22:5722"}
{"level":"warn","message":"Method: PUT, URl: /users/12345, query: {}, body: {\"name\":\"TEST_USER\",\"login\":\"test_user\",\"password\":\"T35t_P@55w0rd\"}, statusCode: 401, exeption : The user is not logged in","timestamp":"2022-02-02 18:57:22:5722"}
{"level":"warn","message":"Method: GET, URl: /boards/12345, query: {}, body: {}, statusCode: 401, exeption : The user is not logged in","timestamp":"2022-02-02 18:57:22:5722"}
{"level":"warn","message":"Method: POST, URl: /boards/12345/tasks, query: {}, body: {\"title\":\"Autotest task\",\"order\":0,\"description\":\"Lorem ipsum\",\"userId\":null,\"boardId\":null,\"columnId\":null}, statusCode: 401, exeption : The user is not logged in","timestamp":"2022-02-02 18:57:22:5722"}
{"level":"warn","message":"Method: DELETE, URl: /users/12345, query: {}, body: {}, statusCode: 401, exeption : The user is not logged in","timestamp":"2022-02-02 18:57:22:5722"}
{"level":"info","message":"Method: POST, URl: /login, query: {}, body: {\"login\":\"admin\",\"password\":\"admin\"}, statusCode: 200, exeption : none","timestamp":"2022-02-02 18:57:23:5723"}
{"level":"info","message":"Method: POST, URl: /login, query: {}, body: {\"login\":\"admin\",\"password\":\"admin\"}, statusCode: 200, exeption : none","timestamp":"2022-02-02 18:57:23:5723"}
{"level":"warn","message":"Method: POST, URl: /boards, query: {}, body: {\"title\":\"Autotest board\",\"columns\":[{\"title\":\"Backlog\",\"order\":1},{\"title\":\"Sprint\",\"order\":2}]}, statusCode: 401, exeption : The user is not logged in","timestamp":"2022-02-02 18:57:23:5723"}
{"level":"warn","message":"Method: PUT, URl: /boards/12345/tasks/12345, query: {}, body: {\"title\":\"Autotest task\",\"order\":0,\"description\":\"Lorem ipsum\",\"userId\":null,\"boardId\":null,\"columnId\":null}, statusCode: 401, exeption : The user is not logged in","timestamp":"2022-02-02 18:57:23:5723"}
{"level":"info","message":"Method: POST, URl: /login, query: {}, body: {\"login\":\"admin\",\"password\":\"admin\"}, statusCode: 200, exeption : none","timestamp":"2022-02-02 18:57:23:5723"}
{"level":"info","message":"Method: GET, URl: /users, query: {}, body: {}, statusCode: 200, exeption : none","timestamp":"2022-02-02 18:57:23:5723"}
{"level":"warn","message":"Method: PUT, URl: /boards/12345, query: {}, body: {\"title\":\"Autotest board\",\"columns\":[{\"title\":\"Backlog\",\"order\":1},{\"title\":\"Sprint\",\"order\":2}]}, statusCode: 401, exeption : The user is not logged in","timestamp":"2022-02-02 18:57:23:5723"}
{"level":"warn","message":"Method: DELETE, URl: /boards/12345/tasks/12345, query: {}, body: {}, statusCode: 401, exeption : The user is not logged in","timestamp":"2022-02-02 18:57:23:5723"}
{"level":"warn","message":"Method: DELETE, URl: /boards/12345, query: {}, body: {}, statusCode: 401, exeption : The user is not logged in","timestamp":"2022-02-02 18:57:23:5723"}
{"level":"info","message":"Method: POST, URl: /boards, query: {}, body: {\"title\":\"Autotest board\",\"columns\":[{\"title\":\"Backlog\",\"order\":1},{\"title\":\"Sprint\",\"order\":2}]}, statusCode: 201, exeption : none","timestamp":"2022-02-02 18:57:23:5723"}
{"level":"info","message":"Method: POST, URl: /boards, query: {}, body: {\"title\":\"Autotest board\",\"columns\":[{\"title\":\"Backlog\",\"order\":1},{\"title\":\"Sprint\",\"order\":2}]}, statusCode: 201, exeption : none","timestamp":"2022-02-02 18:57:23:5723"}
{"level":"info","message":"Method: POST, URl: /users, query: {}, body: {\"name\":\"TEST_USER\",\"login\":\"test_user\",\"password\":\"T35t_P@55w0rd\"}, statusCode: 201, exeption : none","timestamp":"2022-02-02 18:57:23:5723"}
{"level":"info","message":"Method: GET, URl: /users/1539bb7b-aed5-4a08-a62c-3e83512ee191, query: {}, body: {}, statusCode: 200, exeption : none","timestamp":"2022-02-02 18:57:23:5723"}
{"level":"info","message":"Method: GET, URl: /boards, query: {}, body: {}, statusCode: 200, exeption : none","timestamp":"2022-02-02 18:57:23:5723"}
{"level":"info","message":"Method: POST, URl: /boards/7fc4ad80-fba5-4887-8ca2-435917e01948/tasks, query: {}, body: {\"title\":\"Autotest task\",\"order\":0,\"description\":\"Lorem ipsum\",\"userId\":null,\"boardId\":null,\"columnId\":null}, statusCode: 201, exeption : none","timestamp":"2022-02-02 18:57:23:5723"}
{"level":"info","message":"Method: GET, URl: /boards, query: {}, body: {}, statusCode: 200, exeption : none","timestamp":"2022-02-02 18:57:23:5723"}
{"level":"info","message":"Method: DELETE, URl: /users/1539bb7b-aed5-4a08-a62c-3e83512ee191, query: {}, body: {}, statusCode: 204, exeption : none","timestamp":"2022-02-02 18:57:23:5723"}
{"level":"info","message":"Method: GET, URl: /boards/177c9fe7-b3b6-4753-b2c0-a416d2dc026d, query: {}, body: {}, statusCode: 200, exeption : none","timestamp":"2022-02-02 18:57:23:5723"}
{"level":"info","message":"Method: GET, URl: /boards/7fc4ad80-fba5-4887-8ca2-435917e01948/tasks, query: {}, body: {}, statusCode: 200, exeption : none","timestamp":"2022-02-02 18:57:23:5723"}
{"level":"info","message":"Method: GET, URl: /boards/7fc4ad80-fba5-4887-8ca2-435917e01948/tasks, query: {}, body: {}, statusCode: 200, exeption : none","timestamp":"2022-02-02 18:57:23:5723"}
{"level":"info","message":"Method: POST, URl: /users, query: {}, body: {\"name\":\"TEST_USER\",\"login\":\"test_user\",\"password\":\"T35t_P@55w0rd\"}, statusCode: 201, exeption : none","timestamp":"2022-02-02 18:57:23:5723"}
{"level":"info","message":"Method: GET, URl: /boards/7fc4ad80-fba5-4887-8ca2-435917e01948/tasks/0ec2dd6e-1bcb-4f3a-98f8-63406502ac97, query: {}, body: {}, statusCode: 200, exeption : none","timestamp":"2022-02-02 18:57:23:5723"}
{"level":"info","message":"Method: POST, URl: /boards, query: {}, body: {\"title\":\"Autotest board\",\"columns\":[{\"title\":\"Backlog\",\"order\":1},{\"title\":\"Sprint\",\"order\":2}]}, statusCode: 201, exeption : none","timestamp":"2022-02-02 18:57:23:5723"}
{"level":"info","message":"Method: DELETE, URl: /users/aa2c1d2b-429f-4b0d-b8c4-109417720936, query: {}, body: {}, statusCode: 204, exeption : none","timestamp":"2022-02-02 18:57:23:5723"}
{"level":"info","message":"Method: DELETE, URl: /boards/01722ae3-53a3-47c6-ba44-478a06407686, query: {}, body: {}, statusCode: 204, exeption : none","timestamp":"2022-02-02 18:57:24:5724"}
{"level":"info","message":"Method: POST, URl: /boards/7fc4ad80-fba5-4887-8ca2-435917e01948/tasks, query: {}, body: {\"title\":\"Autotest task\",\"order\":0,\"description\":\"Lorem ipsum\",\"userId\":null,\"boardId\":null,\"columnId\":null}, statusCode: 201, exeption : none","timestamp":"2022-02-02 18:57:24:5724"}
{"level":"info","message":"Method: POST, URl: /users, query: {}, body: {\"name\":\"TEST_USER\",\"login\":\"test_user\",\"password\":\"T35t_P@55w0rd\"}, statusCode: 201, exeption : none","timestamp":"2022-02-02 18:57:24:5724"}
{"level":"info","message":"Method: DELETE, URl: /boards/7fc4ad80-fba5-4887-8ca2-435917e01948/tasks/694519c3-3c40-4ef8-aebb-90cf156f5c35, query: {}, body: {}, statusCode: 204, exeption : none","timestamp":"2022-02-02 18:57:24:5724"}
{"level":"info","message":"Method: POST, URl: /boards, query: {}, body: {\"title\":\"Autotest board\",\"columns\":[{\"title\":\"Backlog\",\"order\":1},{\"title\":\"Sprint\",\"order\":2}]}, statusCode: 201, exeption : none","timestamp":"2022-02-02 18:57:24:5724"}
{"level":"info","message":"Method: PUT, URl: /users/bae87dbf-e099-4473-8241-ace792f0d914, query: {}, body: {\"name\":\"Autotest updated TEST_USER\",\"login\":\"test_user\",\"password\":\"T35t_P@55w0rd\"}, statusCode: 200, exeption : none","timestamp":"2022-02-02 18:57:24:5724"}
{"level":"info","message":"Method: GET, URl: /users/bae87dbf-e099-4473-8241-ace792f0d914, query: {}, body: {}, statusCode: 200, exeption : none","timestamp":"2022-02-02 18:57:24:5724"}
{"level":"info","message":"Method: PUT, URl: /boards/0607c8a5-20d4-41d0-9cc8-ce60ea3142b8, query: {}, body: {\"title\":\"Autotest updated board\",\"columns\":[{\"title\":\"Backlog\",\"order\":1,\"id\":\"606fa7f7-4478-4d8c-a7bc-ac7291e8c23b\"},{\"title\":\"Sprint\",\"order\":2,\"id\":\"4133bdfb-da1f-4457-aa62-0879bca1c253\"}]}, statusCode: 200, exeption : none","timestamp":"2022-02-02 18:57:24:5724"}
{"level":"info","message":"Method: POST, URl: /boards/7fc4ad80-fba5-4887-8ca2-435917e01948/tasks, query: {}, body: {\"title\":\"Autotest task\",\"order\":0,\"description\":\"Lorem ipsum\",\"userId\":null,\"boardId\":null,\"columnId\":null}, statusCode: 201, exeption : none","timestamp":"2022-02-02 18:57:24:5724"}
{"level":"info","message":"Method: GET, URl: /boards/0607c8a5-20d4-41d0-9cc8-ce60ea3142b8, query: {}, body: {}, statusCode: 200, exeption : none","timestamp":"2022-02-02 18:57:24:5724"}
{"level":"info","message":"Method: DELETE, URl: /users/bae87dbf-e099-4473-8241-ace792f0d914, query: {}, body: {}, statusCode: 204, exeption : none","timestamp":"2022-02-02 18:57:24:5724"}
{"level":"info","message":"Method: DELETE, URl: /boards/0607c8a5-20d4-41d0-9cc8-ce60ea3142b8, query: {}, body: {}, statusCode: 204, exeption : none","timestamp":"2022-02-02 18:57:24:5724"}
{"level":"info","message":"Method: PUT, URl: /boards/7fc4ad80-fba5-4887-8ca2-435917e01948/tasks/7d6e0588-5d52-449d-8f93-271f397bd3da, query: {}, body: {\"title\":\"Autotest updated task\",\"description\":\"Lorem ipsum\",\"order\":0,\"userId\":null,\"boardId\":\"7fc4ad80-fba5-4887-8ca2-435917e01948\",\"columnId\":null}, statusCode: 200, exeption : none","timestamp":"2022-02-02 18:57:24:5724"}
{"level":"info","message":"Method: GET, URl: /boards/7fc4ad80-fba5-4887-8ca2-435917e01948/tasks/7d6e0588-5d52-449d-8f93-271f397bd3da, query: {}, body: {}, statusCode: 200, exeption : none","timestamp":"2022-02-02 18:57:24:5724"}
{"level":"info","message":"Method: GET, URl: /boards/7fc4ad80-fba5-4887-8ca2-435917e01948/tasks/0ec2dd6e-1bcb-4f3a-98f8-63406502ac97, query: {}, body: {}, statusCode: 200, exeption : none","timestamp":"2022-02-02 18:57:24:5724"}
{"level":"info","message":"Method: POST, URl: /users, query: {}, body: {\"name\":\"TEST_USER\",\"login\":\"test_user\",\"password\":\"T35t_P@55w0rd\"}, statusCode: 201, exeption : none","timestamp":"2022-02-02 18:57:24:5724"}
{"level":"info","message":"Method: POST, URl: /boards, query: {}, body: {\"title\":\"Autotest board\",\"columns\":[{\"title\":\"Backlog\",\"order\":1},{\"title\":\"Sprint\",\"order\":2}]}, statusCode: 201, exeption : none","timestamp":"2022-02-02 18:57:24:5724"}
{"level":"info","message":"Method: DELETE, URl: /boards/7fc4ad80-fba5-4887-8ca2-435917e01948/tasks/0ec2dd6e-1bcb-4f3a-98f8-63406502ac97, query: {}, body: {}, statusCode: 204, exeption : none","timestamp":"2022-02-02 18:57:24:5724"}
{"level":"info","message":"Method: DELETE, URl: /users/2fd55d61-457c-4cb4-81dd-662de3a24e17, query: {}, body: {}, statusCode: 204, exeption : none","timestamp":"2022-02-02 18:57:24:5724"}
{"level":"warn","message":"Method: GET, URl: /boards/7fc4ad80-fba5-4887-8ca2-435917e01948/tasks/0ec2dd6e-1bcb-4f3a-98f8-63406502ac97, query: {}, body: {}, statusCode: 404, exeption : Task with id = 0ec2dd6e-1bcb-4f3a-98f8-63406502ac97 was not found","timestamp":"2022-02-02 18:57:24:5724"}
{"level":"info","message":"Method: DELETE, URl: /boards/611844ae-e55f-4943-b166-22042941f51b, query: {}, body: {}, statusCode: 204, exeption : none","timestamp":"2022-02-02 18:57:24:5724"}
{"level":"warn","message":"Method: GET, URl: /boards/611844ae-e55f-4943-b166-22042941f51b, query: {}, body: {}, statusCode: 404, exeption : Board with id = 611844ae-e55f-4943-b166-22042941f51b was not found","timestamp":"2022-02-02 18:57:24:5724"}
{"level":"info","message":"Method: POST, URl: /users, query: {}, body: {\"name\":\"TEST_USER\",\"login\":\"test_user\",\"password\":\"T35t_P@55w0rd\"}, statusCode: 201, exeption : none","timestamp":"2022-02-02 18:57:24:5724"}
{"level":"info","message":"Method: POST, URl: /boards, query: {}, body: {\"title\":\"Autotest board\",\"columns\":[{\"title\":\"Backlog\",\"order\":1},{\"title\":\"Sprint\",\"order\":2}]}, statusCode: 201, exeption : none","timestamp":"2022-02-02 18:57:24:5724"}
{"level":"info","message":"Method: DELETE, URl: /boards/7fc4ad80-fba5-4887-8ca2-435917e01948, query: {}, body: {}, statusCode: 204, exeption : none","timestamp":"2022-02-02 18:57:24:5724"}
{"level":"info","message":"Method: POST, URl: /boards, query: {}, body: {\"title\":\"Autotest board\",\"columns\":[{\"title\":\"Backlog\",\"order\":1},{\"title\":\"Sprint\",\"order\":2}]}, statusCode: 201, exeption : none","timestamp":"2022-02-02 18:57:24:5724"}
{"level":"info","message":"Method: POST, URl: /boards/3dcbfc71-3b35-4ed9-bf84-a6f55aa10176/tasks, query: {}, body: {\"title\":\"Task #1\",\"order\":1,\"description\":\"Lorem ipsum\",\"boardId\":\"3dcbfc71-3b35-4ed9-bf84-a6f55aa10176\",\"userId\":null,\"columnId\":null}, statusCode: 201, exeption : none","timestamp":"2022-02-02 18:57:25:5725"}
{"level":"info","message":"Method: POST, URl: /boards/3dcbfc71-3b35-4ed9-bf84-a6f55aa10176/tasks, query: {}, body: {\"title\":\"Task #2\",\"order\":2,\"description\":\"Lorem ipsum\",\"boardId\":\"3dcbfc71-3b35-4ed9-bf84-a6f55aa10176\",\"userId\":null,\"columnId\":null}, statusCode: 201, exeption : none","timestamp":"2022-02-02 18:57:25:5725"}
{"level":"info","message":"Method: POST, URl: /boards/21edd40d-a10d-43c9-aa25-73c732277f8a/tasks, query: {}, body: {\"title\":\"Task #1\",\"order\":1,\"description\":\"Lorem ipsum\",\"userId\":\"fd9dc715-2a0a-4151-9990-69b9fd205414\",\"boardId\":\"21edd40d-a10d-43c9-aa25-73c732277f8a\"}, statusCode: 201, exeption : none","timestamp":"2022-02-02 18:57:25:5725"}
{"level":"info","message":"Method: POST, URl: /boards/3dcbfc71-3b35-4ed9-bf84-a6f55aa10176/tasks, query: {}, body: {\"title\":\"Task #3\",\"order\":3,\"description\":\"Lorem ipsum\",\"boardId\":\"3dcbfc71-3b35-4ed9-bf84-a6f55aa10176\",\"userId\":null,\"columnId\":null}, statusCode: 201, exeption : none","timestamp":"2022-02-02 18:57:25:5725"}
{"level":"info","message":"Method: POST, URl: /boards/3dcbfc71-3b35-4ed9-bf84-a6f55aa10176/tasks, query: {}, body: {\"title\":\"Task #5\",\"order\":5,\"description\":\"Lorem ipsum\",\"boardId\":\"3dcbfc71-3b35-4ed9-bf84-a6f55aa10176\",\"userId\":null,\"columnId\":null}, statusCode: 201, exeption : none","timestamp":"2022-02-02 18:57:25:5725"}
{"level":"info","message":"Method: POST, URl: /boards/3dcbfc71-3b35-4ed9-bf84-a6f55aa10176/tasks, query: {}, body: {\"title\":\"Task #4\",\"order\":4,\"description\":\"Lorem ipsum\",\"boardId\":\"3dcbfc71-3b35-4ed9-bf84-a6f55aa10176\",\"userId\":null,\"columnId\":null}, statusCode: 201, exeption : none","timestamp":"2022-02-02 18:57:25:5725"}
{"level":"info","message":"Method: GET, URl: /boards/3dcbfc71-3b35-4ed9-bf84-a6f55aa10176/tasks/79354981-b10e-4fcc-9bdd-14dc069e3151, query: {}, body: {}, statusCode: 200, exeption : none","timestamp":"2022-02-02 18:57:25:5725"}
{"level":"info","message":"Method: GET, URl: /boards/3dcbfc71-3b35-4ed9-bf84-a6f55aa10176/tasks/1739bde3-40e8-4c87-b6b3-e969ef59ac76, query: {}, body: {}, statusCode: 200, exeption : none","timestamp":"2022-02-02 18:57:25:5725"}
{"level":"info","message":"Method: GET, URl: /boards/3dcbfc71-3b35-4ed9-bf84-a6f55aa10176/tasks/f67cb96d-ce25-46e2-85a3-dad5ea9f9d26, query: {}, body: {}, statusCode: 200, exeption : none","timestamp":"2022-02-02 18:57:25:5725"}
{"level":"info","message":"Method: GET, URl: /boards/3dcbfc71-3b35-4ed9-bf84-a6f55aa10176/tasks/3c141490-dc89-42ea-88c9-6c14befdd85c, query: {}, body: {}, statusCode: 200, exeption : none","timestamp":"2022-02-02 18:57:25:5725"}
{"level":"info","message":"Method: GET, URl: /boards/3dcbfc71-3b35-4ed9-bf84-a6f55aa10176/tasks/6ae7011d-bd81-4be9-bb2b-de017073ca3e, query: {}, body: {}, statusCode: 200, exeption : none","timestamp":"2022-02-02 18:57:25:5725"}
{"level":"info","message":"Method: POST, URl: /boards/21edd40d-a10d-43c9-aa25-73c732277f8a/tasks, query: {}, body: {\"title\":\"Task #2\",\"order\":2,\"description\":\"Lorem ipsum\",\"userId\":\"fd9dc715-2a0a-4151-9990-69b9fd205414\",\"boardId\":\"21edd40d-a10d-43c9-aa25-73c732277f8a\"}, statusCode: 201, exeption : none","timestamp":"2022-02-02 18:57:25:5725"}
{"level":"info","message":"Method: DELETE, URl: /boards/3dcbfc71-3b35-4ed9-bf84-a6f55aa10176, query: {}, body: {}, statusCode: 204, exeption : none","timestamp":"2022-02-02 18:57:25:5725"}
{"level":"warn","message":"Method: GET, URl: /boards/3dcbfc71-3b35-4ed9-bf84-a6f55aa10176/tasks/79354981-b10e-4fcc-9bdd-14dc069e3151, query: {}, body: {}, statusCode: 404, exeption : Board with id = 3dcbfc71-3b35-4ed9-bf84-a6f55aa10176 was not found","timestamp":"2022-02-02 18:57:25:5725"}
{"level":"warn","message":"Method: GET, URl: /boards/3dcbfc71-3b35-4ed9-bf84-a6f55aa10176/tasks/1739bde3-40e8-4c87-b6b3-e969ef59ac76, query: {}, body: {}, statusCode: 404, exeption : Board with id = 3dcbfc71-3b35-4ed9-bf84-a6f55aa10176 was not found","timestamp":"2022-02-02 18:57:25:5725"}
{"level":"warn","message":"Method: GET, URl: /boards/3dcbfc71-3b35-4ed9-bf84-a6f55aa10176/tasks/f67cb96d-ce25-46e2-85a3-dad5ea9f9d26, query: {}, body: {}, statusCode: 404, exeption : Board with id = 3dcbfc71-3b35-4ed9-bf84-a6f55aa10176 was not found","timestamp":"2022-02-02 18:57:25:5725"}
{"level":"warn","message":"Method: GET, URl: /boards/3dcbfc71-3b35-4ed9-bf84-a6f55aa10176/tasks/6ae7011d-bd81-4be9-bb2b-de017073ca3e, query: {}, body: {}, statusCode: 404, exeption : Board with id = 3dcbfc71-3b35-4ed9-bf84-a6f55aa10176 was not found","timestamp":"2022-02-02 18:57:25:5725"}
{"level":"info","message":"Method: DELETE, URl: /users/fd9dc715-2a0a-4151-9990-69b9fd205414, query: {}, body: {}, statusCode: 204, exeption : none","timestamp":"2022-02-02 18:57:25:5725"}
{"level":"warn","message":"Method: GET, URl: /boards/3dcbfc71-3b35-4ed9-bf84-a6f55aa10176/tasks/3c141490-dc89-42ea-88c9-6c14befdd85c, query: {}, body: {}, statusCode: 404, exeption : Board with id = 3dcbfc71-3b35-4ed9-bf84-a6f55aa10176 was not found","timestamp":"2022-02-02 18:57:25:5725"}
{"level":"info","message":"Method: GET, URl: /boards/21edd40d-a10d-43c9-aa25-73c732277f8a/tasks/8b30c410-3813-4e87-be67-0b76643f481c, query: {}, body: {}, statusCode: 200, exeption : none","timestamp":"2022-02-02 18:57:25:5725"}
{"level":"info","message":"Method: GET, URl: /boards/21edd40d-a10d-43c9-aa25-73c732277f8a/tasks/21a61a5b-eb82-4307-b4c3-a55a710e96d1, query: {}, body: {}, statusCode: 200, exeption : none","timestamp":"2022-02-02 18:57:25:5725"}
{"level":"info","message":"Method: DELETE, URl: /boards/177c9fe7-b3b6-4753-b2c0-a416d2dc026d, query: {}, body: {}, statusCode: 204, exeption : none","timestamp":"2022-02-02 18:57:25:5725"}
{"level":"info","message":"Method: DELETE, URl: /boards/21edd40d-a10d-43c9-aa25-73c732277f8a/tasks/21a61a5b-eb82-4307-b4c3-a55a710e96d1, query: {}, body: {}, statusCode: 204, exeption : none","timestamp":"2022-02-02 18:57:25:5725"}
{"level":"info","message":"Method: DELETE, URl: /boards/21edd40d-a10d-43c9-aa25-73c732277f8a/tasks/8b30c410-3813-4e87-be67-0b76643f481c, query: {}, body: {}, statusCode: 204, exeption : none","timestamp":"2022-02-02 18:57:25:5725"}
{"level":"info","message":"Method: DELETE, URl: /boards/21edd40d-a10d-43c9-aa25-73c732277f8a, query: {}, body: {}, statusCode: 204, exeption : none","timestamp":"2022-02-02 18:57:25:5725"}
