{"level":"error","message":"Method: POST, URl: /file/, query: {}, body: {}, statusCode: 500, exeption : Internal server error : TypeError: Cannot read properties of undefined (reading 'originalname'","timestamp":"2022-02-02 19:01:34:134"}
{"level":"error","message":"Method: POST, URl: /file/, query: {}, body: {}, statusCode: 500, exeption : Internal server error : TypeError: Cannot read properties of undefined (reading 'originalname'","timestamp":"2022-02-02 19:01:53:153"}
{"level":"error","message":"Method: POST, URl: /file/, query: {}, body: {}, statusCode: 500, exeption : Internal server error : TypeError: Cannot read properties of undefined (reading 'originalname'","timestamp":"2022-02-02 19:04:05:45"}
{"level":"error","message":"Method: POST, URl: /file/, query: {}, body: {}, statusCode: 500, exeption : Internal server error : TypeError: Cannot read properties of undefined (reading 'originalname'","timestamp":"2022-02-02 22:06:50:650"}
{"level":"error","message":"Method: POST, URl: /file, query: {}, body: {}, statusCode: 500, exeption : Internal server error : TypeError: Cannot read properties of undefined (reading 'originalname'","timestamp":"2022-02-02 22:08:19:819"}
{"level":"error","message":"Method: POST, URl: /file, query: {}, body: {}, statusCode: 500, exeption : Internal server error : TypeError: Cannot read properties of undefined (reading 'originalname'","timestamp":"2022-02-02 22:08:33:833"}
{"level":"error","message":"Method: POST, URl: /file, query: {}, body: {}, statusCode: 500, exeption : Internal server error : TypeError: Cannot read properties of undefined (reading 'originalname'","timestamp":"2022-02-02 22:09:42:942"}
{"level":"error","message":"Method: POST, URl: /file, query: {}, body: {}, statusCode: 500, exeption : Internal server error : TypeError: Cannot read properties of undefined (reading 'originalname'","timestamp":"2022-02-02 22:10:05:105"}
{"level":"error","message":"Method: POST, URl: /file, query: {}, body: {}, statusCode: 500, exeption : Internal server error : TypeError: Cannot read properties of undefined (reading 'originalname'","timestamp":"2022-02-02 22:10:17:1017"}
{"level":"error","message":"Method: POST, URl: /file/, query: {}, body: {}, statusCode: 500, exeption : Internal server error : TypeError: Cannot read properties of undefined (reading 'originalname'","timestamp":"2022-02-02 22:11:20:1120"}
{"level":"error","message":"Method: POST, URl: /file, query: {}, body: {}, statusCode: 500, exeption : Internal server error : TypeError: Cannot read properties of undefined (reading 'originalname'","timestamp":"2022-02-02 22:17:50:1750"}
{"level":"error","message":"Method: POST, URl: /file, query: {}, body: {}, statusCode: 500, exeption : Internal server error : TypeError: Cannot read properties of undefined (reading 'originalname'","timestamp":"2022-02-02 22:18:04:184"}
{"level":"error","message":"Method: POST, URl: /file, query: {}, body: {\"zdasdasd\":\"sddsdas\"}, statusCode: 500, exeption : Internal server error : TypeError: Cannot read properties of undefined (reading 'originalname'","timestamp":"2022-02-02 22:23:32:2332"}
{"level":"error","message":"Method: POST, URl: /file, query: none, body: none, statusCode: 500, exeption : none","timestamp":"2022-02-02 22:24:22:2422"}
{"level":"error","message":"Method: POST, URl: /file, query: none, body: none, statusCode: 500, exeption : none","timestamp":"2022-02-02 22:24:47:2447"}
{"level":"error","message":"Method: POST, URl: /file, query: {}, body: {}, statusCode: 500, exeption : Internal server error : TypeError: Cannot read properties of undefined (reading 'originalname'","timestamp":"2022-02-03 09:55:56:5556"}
{"level":"error","message":"Method: POST, URl: /file, query: none, body: none, statusCode: 500, exeption : none","timestamp":"2022-02-03 10:08:58:858"}
{"level":"error","message":"Method: POST, URl: /file, query: none, body: none, statusCode: 500, exeption : none","timestamp":"2022-02-03 10:40:51:4051"}
{"level":"error","message":"Unhandled rejection TypeError: response.code is not a function","timestamp":"2022-02-03 10:50:55:5055"}
{"level":"error","message":"Method: POST, URl: /file, query: none, body: none, statusCode: 500, exeption : none","timestamp":"2022-02-03 10:52:01:521"}
{"level":"error","message":"Method: POST, URl: /file, query: none, body: none, statusCode: 500, exeption : none","timestamp":"2022-02-03 12:46:13:4613"}
{"level":"error","message":"Method: POST, URl: /file, query: none, body: none, statusCode: 500, exeption : none","timestamp":"2022-02-03 13:07:17:717"}
{"level":"error","message":"Method: POST, URl: /file, query: none, body: none, statusCode: 500, exeption : none","timestamp":"2022-02-03 13:07:53:753"}
{"level":"error","message":"Method: POST, URl: /file, query: none, body: none, statusCode: 500, exeption : none","timestamp":"2022-02-03 13:11:25:1125"}
{"level":"error","message":"Method: POST, URl: /file, query: none, body: none, statusCode: 500, exeption : none","timestamp":"2022-02-03 13:12:39:1239"}
{"level":"error","message":"Method: POST, URl: /file, query: none, body: none, statusCode: 500, exeption : none","timestamp":"2022-02-03 13:12:43:1243"}
{"level":"error","message":"Unhandled rejection FastifyError: Content type parser 'application/x-www-form-urlencoded' already present.","timestamp":"2022-02-03 13:24:21:2421"}
{"level":"error","message":"Unhandled rejection FastifyError: Content type parser 'application/x-www-form-urlencoded' already present.","timestamp":"2022-02-03 13:24:46:2446"}
{"level":"error","message":"Unhandled rejection FastifyError: Content type parser 'application/x-www-form-urlencoded' already present.","timestamp":"2022-02-03 13:25:44:2544"}
{"level":"error","message":"Unhandled rejection FastifyError: Content type parser 'application/x-www-form-urlencoded' already present.","timestamp":"2022-02-03 13:28:31:2831"}
{"level":"error","message":"Unhandled rejection FastifyError: Content type parser 'application/x-www-form-urlencoded' already present.","timestamp":"2022-02-03 13:28:31:2831"}
{"level":"error","message":"Unhandled rejection FastifyError: Content type parser 'application/x-www-form-urlencoded' already present.","timestamp":"2022-02-03 13:28:39:2839"}
{"level":"error","message":"Unhandled rejection FastifyError: Content type parser 'application/x-www-form-urlencoded' already present.","timestamp":"2022-02-03 13:28:39:2839"}
{"level":"error","message":"Unhandled rejection FastifyError: Content type parser 'application/x-www-form-urlencoded' already present.","timestamp":"2022-02-03 13:29:01:291"}
{"level":"error","message":"Unhandled rejection FastifyError: Content type parser 'application/x-www-form-urlencoded' already present.","timestamp":"2022-02-03 13:29:01:291"}
{"level":"error","message":"Unhandled rejection FastifyError: Content type parser 'application/x-www-form-urlencoded' already present.","timestamp":"2022-02-03 13:29:30:2930"}
{"level":"error","message":"Unhandled rejection FastifyError: Content type parser 'application/x-www-form-urlencoded' already present.","timestamp":"2022-02-03 13:29:30:2930"}
{"level":"error","message":"Unhandled rejection FastifyError: Content type parser 'application/x-www-form-urlencoded' already present.","timestamp":"2022-02-03 13:30:01:301"}
{"level":"error","message":"Unhandled rejection FastifyError: Content type parser 'application/x-www-form-urlencoded' already present.","timestamp":"2022-02-03 13:30:01:301"}
{"level":"error","message":"Unhandled rejection FastifyError: Content type parser 'application/x-www-form-urlencoded' already present.","timestamp":"2022-02-03 13:31:12:3112"}
{"level":"error","message":"Unhandled rejection FastifyError: Content type parser 'application/x-www-form-urlencoded' already present.","timestamp":"2022-02-03 13:31:12:3112"}
{"level":"error","message":"Unhandled rejection FastifyError: Content type parser 'application/x-www-form-urlencoded' already present.","timestamp":"2022-02-03 13:31:35:3135"}
{"level":"error","message":"Unhandled rejection FastifyError: Content type parser 'application/x-www-form-urlencoded' already present.","timestamp":"2022-02-03 13:31:36:3136"}
{"level":"error","message":"Unhandled rejection Error: listen EADDRINUSE: address already in use 0.0.0.0:4000","timestamp":"2022-02-03 13:34:04:344"}
{"level":"error","message":"Method: POST, URl: /file, query: none, body: none, statusCode: 500, exeption : none","timestamp":"2022-02-03 13:36:38:3638"}
{"level":"error","message":"Method: POST, URl: /file, query: none, body: none, statusCode: 500, exeption : none","timestamp":"2022-02-03 13:37:22:3722"}
{"level":"error","message":"Method: POST, URl: /file, query: none, body: none, statusCode: 500, exeption : none","timestamp":"2022-02-03 13:37:54:3754"}
{"level":"error","message":"Method: POST, URl: /file, query: none, body: none, statusCode: 500, exeption : none","timestamp":"2022-02-03 14:21:30:2130"}
